2024-08-13 03:16:54,202 [INFO] Activator:176 - 


2024-08-13 03:16:54,209 [INFO] Activator:177 - !SESSION log4j initialized
2024-08-13 03:17:03,842 [INFO] LogOutputStream:77 - [STDOUT_REDIRECT] 
2024-08-13 03:17:08,504 [INFO] ApplicationProperties:184 - Using Application install path: C:\dev\dev-tools\STMicroelectronics\STM32CubeIDE_1.15.0\STM32CubeIDE\plugins\com.st.stm32cube.common.mx_6.12.0.202406281431
2024-08-13 03:17:08,525 [INFO] DbMcusXml:78 - Set database path to: C:\dev\dev-tools\STMicroelectronics\STM32CubeIDE_1.15.0\STM32CubeIDE\plugins\com.st.stm32cube.common.mx_6.12.0.202406281431\\db\/mcu/
2024-08-13 03:17:08,526 [INFO] ApiDb:274 - Set plugin database path to: C:\dev\dev-tools\STMicroelectronics\STM32CubeIDE_1.15.0\STM32CubeIDE\plugins\com.st.stm32cube.common.mx_6.12.0.202406281431\\db\/plugins/boardmanager/
2024-08-13 03:17:08,526 [WARN] ApiDb:259 - Overriding images path with different value:  => C:\dev\dev-tools\STMicroelectronics\STM32CubeIDE_1.15.0\STM32CubeIDE\plugins\com.st.stm32cube.common.mx_6.12.0.202406281431\\db\/plugins/mcufinder/images/
2024-08-13 03:17:08,541 [INFO] ApiDb:250 - Set database path to: C:\Users\Sebastian Matheyka\.stmcufinder\plugins\mcufinder//mcu/
2024-08-13 03:17:08,542 [INFO] DbMcusAds:125 - Set database path to: C:\Users\Sebastian Matheyka\.stmcufinder\plugins\mcufinder//mcu/
2024-08-13 03:17:08,545 [INFO] CrossReferenceDbSqlite:203 - Set database path to: C:\Users\Sebastian Matheyka\.stmcufinder\plugins\mcufinder//mcu/cs/
2024-08-13 03:17:08,668 [INFO] RulesReader:64 - Compatibility file has been processed (297 Rules)
2024-08-13 03:17:08,768 [INFO] DbMcusXml:78 - Set database path to: C:\dev\dev-tools\STMicroelectronics\STM32CubeIDE_1.15.0\STM32CubeIDE\plugins\com.st.stm32cube.common.mx_6.12.0.202406281431\\db\/mcu/
2024-08-13 03:17:08,768 [INFO] ApiDb:274 - Set plugin database path to: C:\dev\dev-tools\STMicroelectronics\STM32CubeIDE_1.15.0\STM32CubeIDE\plugins\com.st.stm32cube.common.mx_6.12.0.202406281431\\db\/plugins/boardmanager/
2024-08-13 03:17:08,769 [INFO] ApiDb:261 - Set plugin images path to: C:\dev\dev-tools\STMicroelectronics\STM32CubeIDE_1.15.0\STM32CubeIDE\plugins\com.st.stm32cube.common.mx_6.12.0.202406281431\\db\/plugins/mcufinder/images/
2024-08-13 03:17:08,769 [WARN] DbFile:41 - Overriding database path with different value: C:\Users\Sebastian Matheyka\.stmcufinder\plugins\mcufinder/ => C:\Users\Sebastian Matheyka\.stmcufinder\plugins\mcufinder
2024-08-13 03:17:08,769 [INFO] ApiDb:250 - Set database path to: C:\Users\Sebastian Matheyka\.stmcufinder\plugins\mcufinder//mcu/
2024-08-13 03:17:08,769 [WARN] DbFile:41 - Overriding database path with different value: C:\Users\Sebastian Matheyka\.stmcufinder\plugins\mcufinder/ => C:\Users\Sebastian Matheyka\.stmcufinder\plugins\mcufinder
2024-08-13 03:17:08,769 [INFO] DbMcusAds:125 - Set database path to: C:\Users\Sebastian Matheyka\.stmcufinder\plugins\mcufinder//mcu/
2024-08-13 03:17:08,769 [WARN] DbFile:41 - Overriding database path with different value: C:\Users\Sebastian Matheyka\.stmcufinder\plugins\mcufinder/ => C:\Users\Sebastian Matheyka\.stmcufinder\plugins\mcufinder
2024-08-13 03:17:08,769 [WARN] DbFile:41 - Overriding database path with different value: C:\Users\Sebastian Matheyka\.stmcufinder\plugins\mcufinder/ => C:\Users\Sebastian Matheyka\.stmcufinder\plugins\mcufinder
2024-08-13 03:17:08,769 [INFO] CrossReferenceDbSqlite:203 - Set database path to: C:\Users\Sebastian Matheyka\.stmcufinder\plugins\mcufinder//mcu/cs/
2024-08-13 03:17:08,857 [INFO] MainPanel:268 - HeapMemory: 268435456
2024-08-13 03:17:08,971 [INFO] DbMcusXml:78 - Set database path to: C:\dev\dev-tools\STMicroelectronics\STM32CubeIDE_1.15.0\STM32CubeIDE\plugins\com.st.stm32cube.common.mx_6.12.0.202406281431\\db\/mcu/
2024-08-13 03:17:08,971 [INFO] ApiDb:274 - Set plugin database path to: C:\dev\dev-tools\STMicroelectronics\STM32CubeIDE_1.15.0\STM32CubeIDE\plugins\com.st.stm32cube.common.mx_6.12.0.202406281431\\db\/plugins/boardmanager/
2024-08-13 03:17:08,971 [INFO] ApiDb:261 - Set plugin images path to: C:\dev\dev-tools\STMicroelectronics\STM32CubeIDE_1.15.0\STM32CubeIDE\plugins\com.st.stm32cube.common.mx_6.12.0.202406281431\\db\/plugins/mcufinder/images/
2024-08-13 03:17:08,972 [WARN] DbFile:41 - Overriding database path with different value: C:\Users\Sebastian Matheyka\.stmcufinder\plugins\mcufinder/ => C:\Users\Sebastian Matheyka\.stmcufinder\plugins\mcufinder
2024-08-13 03:17:08,972 [INFO] ApiDb:250 - Set database path to: C:\Users\Sebastian Matheyka\.stmcufinder\plugins\mcufinder//mcu/
2024-08-13 03:17:08,972 [WARN] DbFile:41 - Overriding database path with different value: C:\Users\Sebastian Matheyka\.stmcufinder\plugins\mcufinder/ => C:\Users\Sebastian Matheyka\.stmcufinder\plugins\mcufinder
2024-08-13 03:17:08,972 [INFO] DbMcusAds:125 - Set database path to: C:\Users\Sebastian Matheyka\.stmcufinder\plugins\mcufinder//mcu/
2024-08-13 03:17:08,972 [WARN] DbFile:41 - Overriding database path with different value: C:\Users\Sebastian Matheyka\.stmcufinder\plugins\mcufinder/ => C:\Users\Sebastian Matheyka\.stmcufinder\plugins\mcufinder
2024-08-13 03:17:08,972 [WARN] DbFile:41 - Overriding database path with different value: C:\Users\Sebastian Matheyka\.stmcufinder\plugins\mcufinder/ => C:\Users\Sebastian Matheyka\.stmcufinder\plugins\mcufinder
2024-08-13 03:17:08,972 [INFO] CrossReferenceDbSqlite:203 - Set database path to: C:\Users\Sebastian Matheyka\.stmcufinder\plugins\mcufinder//mcu/cs/
2024-08-13 03:17:08,991 [INFO] ApplicationProperties:184 - Using Application install path: C:\dev\dev-tools\STMicroelectronics\STM32CubeIDE_1.15.0\STM32CubeIDE\plugins\com.st.stm32cube.common.mx_6.12.0.202406281431
2024-08-13 03:17:08,993 [INFO] PluginManage:196 - Search for loadable plugins [exclusion list=, ]
2024-08-13 03:17:08,994 [INFO] PluginManage:310 - Check plugin analytics
2024-08-13 03:17:09,163 [INFO] AnalyticsPlugin:253 - Accepted Software Licenses: 
2024-08-13 03:17:09,163 [INFO] AnalyticsPlugin:255 - Accepted CMSIS Pack Licenses: 
2024-08-13 03:17:09,163 [INFO] AnalyticsPlugin:257 - Accepted Firmware Licenses: 
2024-08-13 03:17:09,166 [INFO] PluginManage:359 - Loaded plugin analytics (category:tool,tabindex:-1)
2024-08-13 03:17:09,166 [INFO] PluginManage:310 - Check plugin cadmodel
2024-08-13 03:17:09,182 [INFO] CADModel:105 - Init CAD model plugin
2024-08-13 03:17:09,182 [INFO] PluginManage:359 - Loaded plugin cadmodel (category:power,tabindex:5)
2024-08-13 03:17:09,182 [INFO] PluginManage:310 - Check plugin clock
2024-08-13 03:17:09,201 [INFO] PluginManage:359 - Loaded plugin clock (category:base,tabindex:2)
2024-08-13 03:17:09,201 [INFO] PluginManage:310 - Check plugin ddr
2024-08-13 03:17:09,204 [INFO] PluginManage:359 - Loaded plugin ddr (category:tool,tabindex:6)
2024-08-13 03:17:09,204 [INFO] PluginManage:310 - Check plugin filemanager
2024-08-13 03:17:09,360 [INFO] PluginManage:359 - Loaded plugin filemanager (category:base,tabindex:10)
2024-08-13 03:17:09,360 [INFO] PluginManage:310 - Check plugin ipmanager
2024-08-13 03:17:09,369 [INFO] PluginManage:359 - Loaded plugin ipmanager (category:base,tabindex:5)
2024-08-13 03:17:09,369 [INFO] PluginManage:310 - Check plugin lpbam
2024-08-13 03:17:09,387 [INFO] PluginManage:359 - Loaded plugin lpbam (category:base,tabindex:0)
2024-08-13 03:17:09,387 [INFO] PluginManage:310 - Check plugin memorymap
2024-08-13 03:17:09,411 [INFO] PluginManage:359 - Loaded plugin memorymap (category:base,tabindex:4)
2024-08-13 03:17:09,411 [INFO] PluginManage:310 - Check plugin pinoutandconfiguration
2024-08-13 03:17:09,428 [INFO] PluginManage:359 - Loaded plugin pinoutandconfiguration (category:base,tabindex:1)
2024-08-13 03:17:09,428 [INFO] PluginManage:310 - Check plugin pinoutconfig
2024-08-13 03:17:09,524 [WARN] SupportedApi:132 - Cannot load RTOS API schema: s4s-elt-must-match.1: The content of 'definitions' must match (annotation?, (simpleType | complexType)?, (unique | key | keyref)*)). A problem was found starting at: attribute.
2024-08-13 03:17:09,660 [INFO] PluginManage:359 - Loaded plugin pinoutconfig (category:base,tabindex:0)
2024-08-13 03:17:09,660 [INFO] PluginManage:310 - Check plugin power
2024-08-13 03:17:09,680 [INFO] PluginManage:359 - Loaded plugin power (category:power,tabindex:4)
2024-08-13 03:17:09,680 [INFO] PluginManage:310 - Check plugin projectmanager
2024-08-13 03:17:09,697 [INFO] PluginManage:359 - Loaded plugin projectmanager (category:projectmanager,tabindex:4)
2024-08-13 03:17:09,697 [INFO] PluginManage:310 - Check plugin rif
2024-08-13 03:17:09,713 [INFO] PluginManage:359 - Loaded plugin rif (category:base,tabindex:3)
2024-08-13 03:17:09,713 [INFO] PluginManage:310 - Check plugin thirdparty
2024-08-13 03:17:10,002 [INFO] PluginManage:359 - Loaded plugin thirdparty (category:base,tabindex:-1)
2024-08-13 03:17:10,002 [INFO] PluginManage:310 - Check plugin tools
2024-08-13 03:17:10,002 [WARN] IntegrityCheckThread:84 - waiting for thirdparty lock release [integrity check]
2024-08-13 03:17:10,002 [INFO] IntegrityCheckThread:86 - entering critical section [integrity check]
2024-08-13 03:17:10,003 [INFO] ThirdPartyUpdaterWithRetryManager:70 - Updater plugin not ready yet. [1/15]
2024-08-13 03:17:10,046 [INFO] PluginManage:359 - Loaded plugin tools (category:base,tabindex:7)
2024-08-13 03:17:10,046 [INFO] PluginManage:310 - Check plugin tutovideos
2024-08-13 03:17:10,245 [INFO] PluginManage:359 - Loaded plugin tutovideos (category:base,tabindex:-1)
2024-08-13 03:17:10,245 [INFO] PluginManage:310 - Check plugin updater
2024-08-13 03:17:10,263 [INFO] PluginManage:359 - Loaded plugin updater (category:base,tabindex:12)
2024-08-13 03:17:10,263 [INFO] PluginManage:310 - Check plugin userauth
2024-08-13 03:17:10,269 [INFO] UserAuth:113 - Init User Auth plugin
2024-08-13 03:17:10,269 [INFO] PluginManage:359 - Loaded plugin userauth (category:base,tabindex:14)
2024-08-13 03:17:10,270 [INFO] PluginManage:283 - PluginManage : Loaded plugins [18]
2024-08-13 03:17:10,491 [INFO] PinOutPanel:1561 - setPackage(No Configuration,No Configuration)
2024-08-13 03:17:10,593 [INFO] CADModel:165 - CPN selected for project level
2024-08-13 03:17:10,594 [INFO] CADModel:114 - Register for checkConnection events
2024-08-13 03:17:10,625 [INFO] IPUIPlugin:80 - create IPUIPlugin
2024-08-13 03:17:10,626 [INFO] PluginManager:220 - loadIPPluginJar : add adc
2024-08-13 03:17:10,669 [INFO] IPUIPlugin:80 - create IPUIPlugin
2024-08-13 03:17:10,669 [INFO] PluginManager:220 - loadIPPluginJar : add aes
2024-08-13 03:17:10,713 [INFO] IPUIPlugin:80 - create IPUIPlugin
2024-08-13 03:17:10,713 [INFO] PluginManager:220 - loadIPPluginJar : add can
2024-08-13 03:17:10,738 [INFO] IPUIPlugin:80 - create IPUIPlugin
2024-08-13 03:17:10,738 [INFO] PluginManager:220 - loadIPPluginJar : add comp
2024-08-13 03:17:10,773 [INFO] IPUIPlugin:80 - create IPUIPlugin
2024-08-13 03:17:10,773 [INFO] PluginManager:220 - loadIPPluginJar : add cryp
2024-08-13 03:17:10,786 [INFO] IPUIPlugin:80 - create IPUIPlugin
2024-08-13 03:17:10,786 [INFO] PluginManager:220 - loadIPPluginJar : add ddr_ctrl_phy
2024-08-13 03:17:10,819 [INFO] IPUIPlugin:80 - create IPUIPlugin
2024-08-13 03:17:10,819 [INFO] PluginManager:220 - loadIPPluginJar : add dfsdm
2024-08-13 03:17:10,833 [INFO] IPUIPlugin:80 - create IPUIPlugin
2024-08-13 03:17:10,833 [INFO] PluginManager:220 - loadIPPluginJar : add dma
2024-08-13 03:17:10,881 [INFO] IPUIPlugin:80 - create IPUIPlugin
2024-08-13 03:17:10,881 [INFO] PluginManager:220 - loadIPPluginJar : add dma3
2024-08-13 03:17:10,930 [INFO] IPUIPlugin:80 - create IPUIPlugin
2024-08-13 03:17:10,930 [INFO] PluginManager:220 - loadIPPluginJar : add extmemmanager
2024-08-13 03:17:10,954 [INFO] IPUIPlugin:80 - create IPUIPlugin
2024-08-13 03:17:10,954 [INFO] PluginManager:220 - loadIPPluginJar : add fatfs
2024-08-13 03:17:11,007 [INFO] IPUIPlugin:80 - create IPUIPlugin
2024-08-13 03:17:11,007 [INFO] PluginManager:220 - loadIPPluginJar : add fmc
2024-08-13 03:17:11,024 [INFO] IPUIPlugin:80 - create IPUIPlugin
2024-08-13 03:17:11,024 [INFO] PluginManager:220 - loadIPPluginJar : add freertos
2024-08-13 03:17:11,046 [INFO] IPUIPlugin:80 - create IPUIPlugin
2024-08-13 03:17:11,046 [INFO] PluginManager:220 - loadIPPluginJar : add genericplugin
2024-08-13 03:17:11,151 [INFO] IPUIPlugin:80 - create IPUIPlugin
2024-08-13 03:17:11,151 [INFO] PluginManager:220 - loadIPPluginJar : add gfxmmu
2024-08-13 03:17:11,293 [INFO] IPUIPlugin:80 - create IPUIPlugin
2024-08-13 03:17:11,293 [INFO] PluginManager:220 - loadIPPluginJar : add gic
2024-08-13 03:17:11,309 [INFO] IPUIPlugin:80 - create IPUIPlugin
2024-08-13 03:17:11,309 [INFO] PluginManager:220 - loadIPPluginJar : add gpio
2024-08-13 03:17:11,423 [INFO] IPUIPlugin:80 - create IPUIPlugin
2024-08-13 03:17:11,423 [INFO] PluginManager:220 - loadIPPluginJar : add gtzc
2024-08-13 03:17:11,464 [INFO] IPUIPlugin:80 - create IPUIPlugin
2024-08-13 03:17:11,464 [INFO] PluginManager:220 - loadIPPluginJar : add hash
2024-08-13 03:17:11,522 [INFO] IPUIPlugin:80 - create IPUIPlugin
2024-08-13 03:17:11,522 [INFO] PluginManager:220 - loadIPPluginJar : add i2c
2024-08-13 03:17:11,564 [INFO] IPUIPlugin:80 - create IPUIPlugin
2024-08-13 03:17:11,565 [INFO] PluginManager:220 - loadIPPluginJar : add i2s
2024-08-13 03:17:11,609 [INFO] IPUIPlugin:80 - create IPUIPlugin
2024-08-13 03:17:11,609 [INFO] PluginManager:220 - loadIPPluginJar : add i3c
2024-08-13 03:17:11,722 [INFO] IPUIPlugin:80 - create IPUIPlugin
2024-08-13 03:17:11,723 [INFO] PluginManager:220 - loadIPPluginJar : add ipddr
2024-08-13 03:17:11,824 [INFO] IPUIPlugin:80 - create IPUIPlugin
2024-08-13 03:17:11,824 [INFO] PluginManager:220 - loadIPPluginJar : add linkedlist
2024-08-13 03:17:11,862 [INFO] IPUIPlugin:80 - create IPUIPlugin
2024-08-13 03:17:11,862 [INFO] PluginManager:220 - loadIPPluginJar : add lorawan
2024-08-13 03:17:11,902 [INFO] IPUIPlugin:80 - create IPUIPlugin
2024-08-13 03:17:11,903 [INFO] PluginManager:220 - loadIPPluginJar : add ltdc
2024-08-13 03:17:11,917 [INFO] IPUIPlugin:80 - create IPUIPlugin
2024-08-13 03:17:11,918 [INFO] PluginManager:220 - loadIPPluginJar : add mdma
2024-08-13 03:17:11,930 [INFO] IPUIPlugin:80 - create IPUIPlugin
2024-08-13 03:17:11,930 [INFO] PluginManager:220 - loadIPPluginJar : add nvic
2024-08-13 03:17:11,971 [INFO] IPUIPlugin:80 - create IPUIPlugin
2024-08-13 03:17:11,971 [INFO] PluginManager:220 - loadIPPluginJar : add opamp
2024-08-13 03:17:12,045 [INFO] IPUIPlugin:80 - create IPUIPlugin
2024-08-13 03:17:12,046 [INFO] PluginManager:220 - loadIPPluginJar : add openamp
2024-08-13 03:17:12,103 [INFO] IPUIPlugin:80 - create IPUIPlugin
2024-08-13 03:17:12,103 [INFO] PluginManager:220 - loadIPPluginJar : add pdm2pcm
2024-08-13 03:17:12,120 [INFO] IPUIPlugin:80 - create IPUIPlugin
2024-08-13 03:17:12,123 [INFO] PluginManager:220 - loadIPPluginJar : add plateformsettings
2024-08-13 03:17:12,150 [INFO] IPUIPlugin:80 - create IPUIPlugin
2024-08-13 03:17:12,150 [INFO] PluginManager:220 - loadIPPluginJar : add quadspi
2024-08-13 03:17:12,181 [INFO] IPUIPlugin:80 - create IPUIPlugin
2024-08-13 03:17:12,182 [INFO] PluginManager:220 - loadIPPluginJar : add radio
2024-08-13 03:17:12,196 [INFO] IPUIPlugin:80 - create IPUIPlugin
2024-08-13 03:17:12,196 [INFO] PluginManager:220 - loadIPPluginJar : add resmgrutility
2024-08-13 03:17:12,253 [INFO] IPUIPlugin:80 - create IPUIPlugin
2024-08-13 03:17:12,253 [INFO] PluginManager:220 - loadIPPluginJar : add sai
2024-08-13 03:17:12,299 [INFO] IPUIPlugin:80 - create IPUIPlugin
2024-08-13 03:17:12,299 [INFO] PluginManager:220 - loadIPPluginJar : add spi
2024-08-13 03:17:12,384 [INFO] IPUIPlugin:80 - create IPUIPlugin
2024-08-13 03:17:12,384 [INFO] PluginManager:220 - loadIPPluginJar : add stm32_wpan
2024-08-13 03:17:12,410 [INFO] IPUIPlugin:80 - create IPUIPlugin
2024-08-13 03:17:12,410 [INFO] PluginManager:220 - loadIPPluginJar : add tim
2024-08-13 03:17:12,477 [INFO] IPUIPlugin:80 - create IPUIPlugin
2024-08-13 03:17:12,477 [INFO] PluginManager:220 - loadIPPluginJar : add touchsensing
2024-08-13 03:17:12,504 [INFO] IPUIPlugin:80 - create IPUIPlugin
2024-08-13 03:17:12,504 [INFO] PluginManager:220 - loadIPPluginJar : add tracer_emb
2024-08-13 03:17:12,532 [INFO] IPUIPlugin:80 - create IPUIPlugin
2024-08-13 03:17:12,532 [INFO] PluginManager:220 - loadIPPluginJar : add ts
2024-08-13 03:17:12,556 [INFO] IPUIPlugin:80 - create IPUIPlugin
2024-08-13 03:17:12,556 [INFO] PluginManager:220 - loadIPPluginJar : add tsc
2024-08-13 03:17:12,580 [INFO] IPUIPlugin:80 - create IPUIPlugin
2024-08-13 03:17:12,580 [INFO] PluginManager:220 - loadIPPluginJar : add ucpd
2024-08-13 03:17:12,633 [INFO] IPUIPlugin:80 - create IPUIPlugin
2024-08-13 03:17:12,633 [INFO] PluginManager:220 - loadIPPluginJar : add usart
2024-08-13 03:17:12,683 [INFO] IPUIPlugin:80 - create IPUIPlugin
2024-08-13 03:17:12,683 [INFO] PluginManager:220 - loadIPPluginJar : add usbx
2024-08-13 03:17:12,815 [INFO] CADModel:165 - CPN selected for project level
2024-08-13 03:17:12,815 [INFO] CADModel:114 - Register for checkConnection events
2024-08-13 03:17:12,815 [FATAL] Updater:334 - Updater called before beeing initialized
2024-08-13 03:17:12,815 [ERROR] CADModel:125 - Updater not yet initialized, retry later 
2024-08-13 03:17:12,952 [INFO] CADModel:165 - CPN selected for project level
2024-08-13 03:17:12,952 [INFO] CADModel:114 - Register for checkConnection events
2024-08-13 03:17:12,953 [FATAL] Updater:334 - Updater called before beeing initialized
2024-08-13 03:17:12,953 [ERROR] CADModel:125 - Updater not yet initialized, retry later 
2024-08-13 03:17:12,956 [FATAL] Updater:334 - Updater called before beeing initialized
2024-08-13 03:17:13,006 [INFO] ThirdPartyUpdaterWithRetryManager:70 - Updater plugin not ready yet. [2/15]
2024-08-13 03:17:13,067 [FATAL] Updater:334 - Updater called before beeing initialized
2024-08-13 03:17:13,079 [INFO] DbMcusAds:53 - JSON generation date=Thu May 16 11:22:00 CEST 2024 (1715851320667)
2024-08-13 03:17:13,079 [FATAL] Updater:334 - Updater called before beeing initialized
2024-08-13 03:17:13,122 [WARN] DetailPanel:346 - Failed to get advertising image, set to default
2024-08-13 03:17:13,224 [FATAL] Updater:334 - Updater called before beeing initialized
2024-08-13 03:17:13,226 [FATAL] Updater:334 - Updater called before beeing initialized
2024-08-13 03:17:13,226 [FATAL] Updater:334 - Updater called before beeing initialized
2024-08-13 03:17:13,226 [WARN] DetailPanel:346 - Failed to get advertising image, set to default
2024-08-13 03:17:13,226 [FATAL] Updater:334 - Updater called before beeing initialized
2024-08-13 03:17:13,289 [ERROR] Updater:1164 - MainUpdater not yet initialized. External WinMGr cannot be set.
2024-08-13 03:17:13,301 [INFO] Updater:1100 - Updater Version found : 6.12.0
2024-08-13 03:17:13,323 [INFO] ApplicationProperties:184 - Using Application install path: C:\dev\dev-tools\STMicroelectronics\STM32CubeIDE_1.15.0\STM32CubeIDE\plugins\com.st.stm32cube.common.mx_6.12.0.202406281431
2024-08-13 03:17:13,734 [INFO] MainUpdater:2873 - connection check result : 10
2024-08-13 03:17:13,735 [INFO] MainUpdater:3567 - Updater definition file requires update
2024-08-13 03:17:13,736 [INFO] MainUpdater:290 - Updater Check For Update Now.
2024-08-13 03:17:13,736 [INFO] MicroXplorer:498 - Change Database Version : DB.6.0.120
2024-08-13 03:17:13,754 [INFO] McuFinderGlobals:63 - Set McuFinder mode to 2 (CubeIDE integrated)
2024-08-13 03:17:13,761 [INFO] UserAuth:417 - Internet connection configuration mode: 1
2024-08-13 03:17:13,788 [INFO] JxBrowserEngine:152 - Initiate JxBrowser Engine with user profile folder
2024-08-13 03:17:13,808 [INFO] ServerAccessManage:473 - Download File updaters.zip
2024-08-13 03:17:13,883 [INFO] FileExtend:240 - Unzip File : updaters.zip
2024-08-13 03:17:13,883 [INFO] FileExtend:255 - Standard Zip Deflate
2024-08-13 03:17:14,638 [INFO] ServerAccessManage:473 - Download File PacksControlFlags.xml
2024-08-13 03:17:14,718 [INFO] ServerAccessManage:473 - Download File cubemx.pidx
2024-08-13 03:17:15,716 [INFO] ServerAccessManage:473 - Download File STMicroelectronics.X-CUBE-AZRTOS-H7.pdsc
2024-08-13 03:17:16,006 [WARN] MainUpdater:1194 - Updater busy. Cannot search thirdparties
2024-08-13 03:17:16,006 [INFO] ThirdPartyUpdaterWithRetryManager:96 - Updater plugin is busy. [1/15]
2024-08-13 03:17:16,523 [WARN] PackLoader:240 - Cannot read IP mode file for STMicroelectronics.X-CUBE-AZRTOS-H7.3.3.0
2024-08-13 03:17:16,534 [INFO] PopulateThirdPartyThread:66 - Ending populate Thread
2024-08-13 03:17:16,536 [INFO] ThirdParty:1030 - CMSIS Pack Vendor :STMicroelectronics X-CUBE-AZRTOS-H7 3.3.0
2024-08-13 03:17:16,536 [INFO] LoadServerUpdatesThread:375 - End of LoadServerUpdate Thread
2024-08-13 03:17:16,643 [INFO] CheckServerUpdateThread:120 - End of CheckServer Thread
2024-08-13 03:17:18,065 [INFO] WebApp:167 - Instantiating new browser for Auth
2024-08-13 03:17:18,908 [INFO] WebApp:448 - Apply proxy settings
2024-08-13 03:17:18,908 [INFO] WebApp:533 - Chromium requires no authentication
2024-08-13 03:17:18,918 [INFO] WebApp:476 - Direct internet connection detected
2024-08-13 03:17:18,941 [INFO] WebApp:869 - Register for checkConnection events
2024-08-13 03:17:18,941 [INFO] WebApp:448 - Apply proxy settings
2024-08-13 03:17:18,941 [INFO] WebApp:533 - Chromium requires no authentication
2024-08-13 03:17:18,942 [INFO] WebApp:476 - Direct internet connection detected
2024-08-13 03:17:19,115 [INFO] WebApp:186 - Connection restablished
2024-08-13 03:17:19,173 [INFO] WebApp:220 - Starting web application
2024-08-13 03:17:19,173 [INFO] WebApp:578 - Web application path used C:\dev\dev-tools\STMicroelectronics\STM32CubeIDE_1.15.0\STM32CubeIDE\plugins\com.st.stm32cube.common.mx_6.12.0.202406281431\db\plugins\mcufinder\reactClient1\index.html
2024-08-13 03:17:19,363 [INFO] UserAuth:417 - Internet connection configuration mode: 1
2024-08-13 03:17:19,381 [WARN] PackLoader:240 - Cannot read IP mode file for STMicroelectronics.FP-SNS-MOTENVWB1.1.4.0
2024-08-13 03:17:19,403 [WARN] PackLoader:240 - Cannot read IP mode file for STMicroelectronics.X-CUBE-SMBUS.2.1.0
2024-08-13 03:17:19,420 [WARN] PackLoader:240 - Cannot read IP mode file for STMicroelectronics.X-CUBE-TOUCHGFX.4.23.2
2024-08-13 03:17:19,471 [WARN] PackLoader:240 - Cannot read IP mode file for STMicroelectronics.X-CUBE-AZRTOS-F7.1.1.0
2024-08-13 03:17:19,506 [WARN] PackLoader:240 - Cannot read IP mode file for STMicroelectronics.X-CUBE-BLE1.6.2.4
2024-08-13 03:17:19,516 [WARN] PackLoader:240 - Cannot read IP mode file for STMicroelectronics.FP-SNS-FLIGHT1.5.0.2
2024-08-13 03:17:19,542 [WARN] PackLoader:240 - Cannot read IP mode file for STMicroelectronics.X-CUBE-DISPLAY.3.0.0
2024-08-13 03:17:19,569 [WARN] PackLoader:240 - Cannot read IP mode file for STMicroelectronics.X-CUBE-BLE1.7.0.0
2024-08-13 03:17:19,593 [WARN] PackLoader:240 - Cannot read IP mode file for STMicroelectronics.X-CUBE-BLEMGR.3.1.0
2024-08-13 03:17:19,621 [WARN] PackLoader:240 - Cannot read IP mode file for STMicroelectronics.FP-SNS-SMARTAG2.1.2.0
2024-08-13 03:17:19,654 [INFO] LogOutputStream:77 - [STDOUT_REDIRECT] 1 : Invalid condition id : UX_CORESTACK_Condition cause : null
2024-08-13 03:17:19,654 [INFO] LogOutputStream:77 - [STDOUT_REDIRECT] 1 : Invalid condition id : UX_CORESTACK_Condition cause : null
2024-08-13 03:17:19,656 [INFO] LogOutputStream:77 - [STDOUT_REDIRECT] 1 : Invalid condition id : UX_CORESTACK_Condition cause : null
2024-08-13 03:17:19,658 [INFO] LogOutputStream:77 - [STDOUT_REDIRECT] 1 : Invalid condition id : UX_CORESTACK_Condition cause : null
2024-08-13 03:17:19,659 [INFO] LogOutputStream:77 - [STDOUT_REDIRECT] 1 : Invalid condition id : UX_CORESTACK_Condition cause : null
2024-08-13 03:17:19,665 [WARN] PackLoader:240 - Cannot read IP mode file for STMicroelectronics.X-CUBE-AZRTOS-WL.2.0.0
2024-08-13 03:17:19,685 [WARN] PackLoader:240 - Cannot read IP mode file for STMicroelectronics.FP-SNS-MOTENV1.5.0.0
2024-08-13 03:17:19,696 [WARN] PackLoader:240 - Cannot read IP mode file for wolfSSL.I-CUBE-wolfMQTT.1.19.0
2024-08-13 03:17:19,720 [WARN] PackLoader:240 - Cannot read IP mode file for WES.I-CUBE-Cesium.1.3.0
2024-08-13 03:17:19,737 [WARN] PackLoader:240 - Cannot read IP mode file for STMicroelectronics.X-CUBE-BLE2.3.3.0
2024-08-13 03:17:19,754 [WARN] PackLoader:240 - Cannot read IP mode file for STMicroelectronics.X-CUBE-TCPP.4.1.0
2024-08-13 03:17:19,772 [WARN] PackLoader:240 - Cannot read IP mode file for STMicroelectronics.X-CUBE-TOUCHGFX.4.21.3
2024-08-13 03:17:19,787 [WARN] PackLoader:240 - Cannot read IP mode file for STMicroelectronics.X-CUBE-ALGOBUILD.1.3.0
2024-08-13 03:17:19,819 [WARN] PackLoader:240 - Cannot read IP mode file for STMicroelectronics.X-CUBE-AZRTOS-G0.1.1.0
2024-08-13 03:17:19,840 [WARN] PackLoader:240 - Cannot read IP mode file for STMicroelectronics.X-CUBE-SAFEA1.1.2.2
2024-08-13 03:17:19,858 [WARN] PackLoader:240 - Cannot read IP mode file for STMicroelectronics.X-CUBE-NFC4.3.0.0
2024-08-13 03:17:19,878 [WARN] PackLoader:240 - Cannot read IP mode file for EmbeddedOffice.I-CUBE-FS-RTOS.1.0.1
2024-08-13 03:17:19,879 [ERROR] ConditionMgr:805 - Attr not supported : Dmpu
2024-08-13 03:17:19,879 [ERROR] ConditionMgr:805 - Attr not supported : Dmpu
2024-08-13 03:17:19,879 [ERROR] ConditionMgr:805 - Attr not supported : Dmpu
2024-08-13 03:17:19,879 [ERROR] ConditionMgr:805 - Attr not supported : Dmpu
2024-08-13 03:17:19,879 [ERROR] ConditionMgr:805 - Attr not supported : Dmpu
2024-08-13 03:17:19,879 [ERROR] ConditionMgr:805 - Attr not supported : Dmpu
2024-08-13 03:17:19,879 [ERROR] ConditionMgr:805 - Attr not supported : Dmpu
2024-08-13 03:17:19,879 [ERROR] ConditionMgr:805 - Attr not supported : Dmpu
2024-08-13 03:17:19,879 [ERROR] ConditionMgr:805 - Attr not supported : Dmpu
2024-08-13 03:17:19,879 [ERROR] ConditionMgr:805 - Attr not supported : Dmpu
2024-08-13 03:17:19,879 [ERROR] ConditionMgr:805 - Attr not supported : Dmpu
2024-08-13 03:17:19,879 [ERROR] ConditionMgr:805 - Attr not supported : Dmpu
2024-08-13 03:17:19,879 [ERROR] ConditionMgr:805 - Attr not supported : Dmpu
2024-08-13 03:17:19,879 [ERROR] ConditionMgr:805 - Attr not supported : Dmpu
2024-08-13 03:17:19,880 [ERROR] ConditionMgr:805 - Attr not supported : Dmpu
2024-08-13 03:17:19,880 [ERROR] ConditionMgr:805 - Attr not supported : Dmpu
2024-08-13 03:17:19,880 [ERROR] ConditionMgr:805 - Attr not supported : Dmpu
2024-08-13 03:17:19,880 [ERROR] ConditionMgr:805 - Attr not supported : Dmpu
2024-08-13 03:17:19,880 [ERROR] ConditionMgr:805 - Attr not supported : Dmpu
2024-08-13 03:17:19,880 [ERROR] ConditionMgr:805 - Attr not supported : Dmpu
2024-08-13 03:17:19,880 [ERROR] ConditionMgr:805 - Attr not supported : Dmpu
2024-08-13 03:17:19,880 [ERROR] ConditionMgr:805 - Attr not supported : Dmpu
2024-08-13 03:17:19,880 [ERROR] ConditionMgr:805 - Attr not supported : Dmpu
2024-08-13 03:17:19,880 [ERROR] ConditionMgr:805 - Attr not supported : Dmpu
2024-08-13 03:17:19,880 [ERROR] ConditionMgr:805 - Attr not supported : Dmpu
2024-08-13 03:17:19,880 [ERROR] ConditionMgr:805 - Attr not supported : Dmpu
2024-08-13 03:17:19,880 [ERROR] ConditionMgr:805 - Attr not supported : Dmpu
2024-08-13 03:17:19,880 [ERROR] ConditionMgr:805 - Attr not supported : Dmpu
2024-08-13 03:17:19,880 [ERROR] ConditionMgr:805 - Attr not supported : Dmpu
2024-08-13 03:17:19,880 [ERROR] ConditionMgr:805 - Attr not supported : Dmpu
2024-08-13 03:17:19,880 [ERROR] ConditionMgr:805 - Attr not supported : Dmpu
2024-08-13 03:17:19,881 [ERROR] ConditionMgr:805 - Attr not supported : Dmpu
2024-08-13 03:17:19,881 [ERROR] ConditionMgr:805 - Attr not supported : Dmpu
2024-08-13 03:17:19,881 [ERROR] ConditionMgr:805 - Attr not supported : Dmpu
2024-08-13 03:17:19,881 [ERROR] ConditionMgr:805 - Attr not supported : Dmpu
2024-08-13 03:17:19,881 [ERROR] ConditionMgr:805 - Attr not supported : Dmpu
2024-08-13 03:17:19,881 [ERROR] ConditionMgr:805 - Attr not supported : Dmpu
2024-08-13 03:17:19,881 [ERROR] ConditionMgr:805 - Attr not supported : Dmpu
2024-08-13 03:17:19,881 [ERROR] ConditionMgr:805 - Attr not supported : Dmpu
2024-08-13 03:17:19,881 [ERROR] ConditionMgr:805 - Attr not supported : Dmpu
2024-08-13 03:17:19,881 [ERROR] ConditionMgr:805 - Attr not supported : Dmpu
2024-08-13 03:17:19,881 [ERROR] ConditionMgr:805 - Attr not supported : Dmpu
2024-08-13 03:17:19,881 [ERROR] ConditionMgr:805 - Attr not supported : Dmpu
2024-08-13 03:17:19,881 [ERROR] ConditionMgr:805 - Attr not supported : Dmpu
2024-08-13 03:17:19,881 [ERROR] ConditionMgr:805 - Attr not supported : Dmpu
2024-08-13 03:17:19,881 [ERROR] ConditionMgr:805 - Attr not supported : Dmpu
2024-08-13 03:17:19,882 [ERROR] ConditionMgr:805 - Attr not supported : Dmpu
2024-08-13 03:17:19,882 [ERROR] ConditionMgr:805 - Attr not supported : Dmpu
2024-08-13 03:17:19,882 [ERROR] ConditionMgr:805 - Attr not supported : Dmpu
2024-08-13 03:17:19,882 [ERROR] ConditionMgr:805 - Attr not supported : Dmpu
2024-08-13 03:17:19,882 [ERROR] ConditionMgr:805 - Attr not supported : Dmpu
2024-08-13 03:17:19,882 [ERROR] ConditionMgr:805 - Attr not supported : Dmpu
2024-08-13 03:17:19,882 [ERROR] ConditionMgr:805 - Attr not supported : Dmpu
2024-08-13 03:17:19,882 [ERROR] ConditionMgr:805 - Attr not supported : Dmpu
2024-08-13 03:17:19,882 [ERROR] ConditionMgr:805 - Attr not supported : Dmpu
2024-08-13 03:17:19,882 [ERROR] ConditionMgr:805 - Attr not supported : Dmpu
2024-08-13 03:17:19,882 [ERROR] ConditionMgr:805 - Attr not supported : Dmpu
2024-08-13 03:17:19,882 [ERROR] ConditionMgr:805 - Attr not supported : Dmpu
2024-08-13 03:17:19,882 [ERROR] ConditionMgr:805 - Attr not supported : Dmpu
2024-08-13 03:17:19,882 [ERROR] ConditionMgr:805 - Attr not supported : Dmpu
2024-08-13 03:17:19,882 [ERROR] ConditionMgr:805 - Attr not supported : Dmpu
2024-08-13 03:17:19,883 [ERROR] ConditionMgr:805 - Attr not supported : Dmpu
2024-08-13 03:17:19,883 [ERROR] ConditionMgr:805 - Attr not supported : Dmpu
2024-08-13 03:17:19,883 [ERROR] ConditionMgr:805 - Attr not supported : Dmpu
2024-08-13 03:17:19,898 [WARN] PackLoader:240 - Cannot read IP mode file for RealThread.X-CUBE-RT-Thread_Nano.4.1.1
2024-08-13 03:17:19,904 [WARN] PackLoader:240 - Cannot read IP mode file for STMicroelectronics.FP-ATR-SIGFOX1.3.2.0
2024-08-13 03:17:19,921 [WARN] PackLoader:240 - Cannot read IP mode file for STMicroelectronics.X-CUBE-EEPRMA1.5.1.0
2024-08-13 03:17:19,939 [WARN] PackLoader:240 - Cannot read IP mode file for ITTIA_DB.I-CUBE-ITTIADB.8.9.0
2024-08-13 03:17:19,987 [WARN] PackLoader:240 - Cannot read IP mode file for STMicroelectronics.X-CUBE-MEMS1.9.5.0
2024-08-13 03:17:20,139 [WARN] PackLoader:240 - Cannot read IP mode file for SEGGER.I-CUBE-embOS.1.3.1
2024-08-13 03:17:20,193 [WARN] PackLoader:240 - Cannot read IP mode file for STMicroelectronics.X-CUBE-ALGOBUILD.1.4.0
2024-08-13 03:17:20,209 [WARN] PackLoader:240 - Cannot read IP mode file for STMicroelectronics.X-CUBE-GNSS1.6.0.0
2024-08-13 03:17:20,240 [WARN] PackLoader:240 - Cannot read IP mode file for STMicroelectronics.X-CUBE-AZRTOS-F4.1.1.0
2024-08-13 03:17:20,257 [WARN] PackLoader:240 - Cannot read IP mode file for wolfSSL.I-CUBE-wolfSSL.5.6.0
2024-08-13 03:17:20,273 [WARN] PackLoader:240 - Cannot read IP mode file for STMicroelectronics.X-CUBE-FREERTOS.1.2.0
2024-08-13 03:17:20,303 [WARN] PackLoader:240 - Cannot read IP mode file for STMicroelectronics.X-CUBE-AZRTOS-L5.2.0.0
2024-08-13 03:17:20,322 [WARN] PackLoader:240 - Cannot read IP mode file for STMicroelectronics.X-CUBE-NFC6.3.1.0
2024-08-13 03:17:20,340 [WARN] PackLoader:240 - Cannot read IP mode file for emotas.I-CUBE-CANOPEN.1.1.3
2024-08-13 03:17:20,356 [WARN] PackLoader:240 - Cannot read IP mode file for STMicroelectronics.X-CUBE-BLEMGR.2.0.0
2024-08-13 03:17:20,373 [WARN] PackLoader:240 - Cannot read IP mode file for STMicroelectronics.X-CUBE-DPower.1.2.0
2024-08-13 03:17:20,389 [WARN] PackLoader:240 - Cannot read IP mode file for STMicroelectronics.X-CUBE-AI.9.0.0
2024-08-13 03:17:20,404 [WARN] PackLoader:240 - Cannot read IP mode file for STMicroelectronics.X-CUBE-NFC7.1.0.1
2024-08-13 03:17:20,419 [WARN] PackLoader:240 - Cannot read IP mode file for STMicroelectronics.X-CUBE-NFC7.1.0.0
2024-08-13 03:17:20,427 [WARN] PackLoader:240 - Cannot read IP mode file for wolfSSL.I-CUBE-wolfTPM.3.2.0
2024-08-13 03:17:20,441 [WARN] PackLoader:240 - Cannot read IP mode file for STMicroelectronics.X-CUBE-EEPRMA1.4.1.0
2024-08-13 03:17:20,459 [WARN] PackLoader:240 - Cannot read IP mode file for STMicroelectronics.X-CUBE-AI.8.1.0
2024-08-13 03:17:20,492 [WARN] ConditionMgr:438 - getConditionDescription Invalid condition id : LAN8742 Phy interface Condition cause : null
2024-08-13 03:17:20,492 [WARN] PackLoader:240 - Cannot read IP mode file for STMicroelectronics.X-CUBE-AZRTOS-L4.2.0.0
2024-08-13 03:17:20,493 [WARN] ConditionMgr:1039 - genDependencies : Invalid condition id : LAN8742 Phy interface Condition cause : null
2024-08-13 03:17:20,494 [WARN] ConditionMgr:1039 - genDependencies : Invalid condition id : LAN8742 Phy interface Condition cause : null
2024-08-13 03:17:20,494 [WARN] ConditionMgr:1039 - genDependencies : Invalid condition id : LAN8742 Phy interface Condition cause : null
2024-08-13 03:17:20,511 [WARN] PackLoader:240 - Cannot read IP mode file for STMicroelectronics.X-CUBE-SFXS2LP1.4.0.0
2024-08-13 03:17:20,548 [WARN] PackLoader:240 - Cannot read IP mode file for STMicroelectronics.X-CUBE-AZRTOS-H7.3.0.0
2024-08-13 03:17:20,565 [WARN] PackLoader:240 - Cannot read IP mode file for STMicroelectronics.X-CUBE-ISPU.1.1.0
2024-08-13 03:17:20,581 [WARN] PackLoader:240 - Cannot read IP mode file for STMicroelectronics.X-CUBE-AZRTOS-H7.3.3.0
2024-08-13 03:17:20,600 [WARN] PackLoader:240 - Cannot read IP mode file for RoweBots.I-CUBE-UNISONRTOS.5.5.0-4
2024-08-13 03:17:20,613 [WARN] PackLoader:240 - Cannot read IP mode file for STMicroelectronics.X-CUBE-AI.8.0.0
2024-08-13 03:17:20,640 [WARN] ConditionMgr:438 - getConditionDescription Invalid condition id : UX DEVICE CLASS RTOS Condition cause : null
2024-08-13 03:17:20,640 [WARN] ConditionMgr:438 - getConditionDescription Invalid condition id : UX DEVICE CLASS RTOS Condition cause : null
2024-08-13 03:17:20,642 [WARN] PackLoader:240 - Cannot read IP mode file for STMicroelectronics.X-CUBE-AZRTOS-WB.2.0.0
2024-08-13 03:17:20,642 [WARN] ConditionMgr:1039 - genDependencies : Invalid condition id : UX DEVICE CLASS RTOS Condition cause : null
2024-08-13 03:17:20,642 [WARN] ConditionMgr:1039 - genDependencies : Invalid condition id : UX DEVICE CLASS RTOS Condition cause : null
2024-08-13 03:17:20,643 [WARN] ConditionMgr:1039 - genDependencies : Invalid condition id : UX DEVICE CLASS RTOS Condition cause : null
2024-08-13 03:17:20,643 [WARN] ConditionMgr:1039 - genDependencies : Invalid condition id : UX DEVICE CLASS RTOS Condition cause : null
2024-08-13 03:17:20,643 [WARN] ConditionMgr:1039 - genDependencies : Invalid condition id : UX DEVICE CLASS RTOS Condition cause : null
2024-08-13 03:17:20,656 [WARN] PackLoader:240 - Cannot read IP mode file for STMicroelectronics.X-CUBE-FREERTOS.1.0.0
2024-08-13 03:17:20,672 [WARN] PackLoader:240 - Cannot read IP mode file for STMicroelectronics.FP-SNS-STBOX1.2.0.0
2024-08-13 03:17:20,700 [WARN] PackLoader:240 - Cannot read IP mode file for STMicroelectronics.X-CUBE-AZRTOS-L5.1.1.0
2024-08-13 03:17:20,724 [WARN] PackLoader:240 - Cannot read IP mode file for STMicroelectronics.X-CUBE-SUBG2.5.0.0
2024-08-13 03:17:20,754 [WARN] PackLoader:240 - Cannot read IP mode file for STMicroelectronics.X-CUBE-AZRTOS-G4.2.0.0
2024-08-13 03:17:20,775 [WARN] PackLoader:240 - Cannot read IP mode file for STMicroelectronics.X-CUBE-TOF1.3.3.0
2024-08-13 03:17:20,794 [WARN] PackLoader:240 - Cannot read IP mode file for STMicroelectronics.FP-ATR-ASTRA1.1.1.1
2024-08-13 03:17:20,810 [WARN] PackLoader:240 - Cannot read IP mode file for STMicroelectronics.FP-SNS-MOTENVWB1.1.3.1
2024-08-13 03:17:20,832 [WARN] PackLoader:240 - Cannot read IP mode file for STMicroelectronics.X-CUBE-AZRTOS-G4.1.0.0
2024-08-13 03:17:20,859 [WARN] PackLoader:240 - Cannot read IP mode file for STMicroelectronics.X-CUBE-AZRTOS-L4.1.0.0
2024-08-13 03:17:20,873 [WARN] PackLoader:240 - Cannot read IP mode file for STMicroelectronics.X-CUBE-ISPU.2.0.0
2024-08-13 03:17:20,889 [WARN] PackLoader:240 - Cannot read IP mode file for STMicroelectronics.X-CUBE-ALS.1.0.2
2024-08-13 03:17:20,943 [WARN] PackLoader:240 - Cannot read IP mode file for STMicroelectronics.X-CUBE-MEMS1.10.0.0
2024-08-13 03:17:21,090 [WARN] PackLoader:240 - Cannot read IP mode file for STMicroelectronics.X-CUBE-FREERTOS.1.1.0
2024-08-13 03:17:21,104 [WARN] PackLoader:240 - Cannot read IP mode file for STMicroelectronics.X-CUBE-TOUCHGFX.4.24.0
2024-08-13 03:17:21,126 [WARN] PackLoader:240 - Cannot read IP mode file for STMicroelectronics.X-CUBE-AZRTOS-WL.1.0.0
2024-08-13 03:17:21,142 [WARN] PackLoader:240 - Cannot read IP mode file for portGmbH.I-Cube-SoM-uGOAL.1.1.0
2024-08-13 03:17:21,154 [WARN] PackLoader:240 - Cannot read IP mode file for STMicroelectronics.X-CUBE-ALS.1.0.1
2024-08-13 03:17:21,178 [WARN] PackLoader:240 - Cannot read IP mode file for STMicroelectronics.X-CUBE-AZRTOS-WB.1.1.0
2024-08-13 03:17:21,209 [WARN] PackLoader:240 - Cannot read IP mode file for STMicroelectronics.X-CUBE-AZRTOS-H7RS.1.0.0
2024-08-13 03:17:21,215 [WARN] PackLoader:240 - Cannot read IP mode file for STMicroelectronics.FP-ATR-ASTRA1.2.0.0
2024-08-13 03:17:21,235 [WARN] PackLoader:240 - Cannot read IP mode file for STMicroelectronics.X-CUBE-TOF1.3.4.2
2024-08-13 03:17:21,260 [WARN] PackLoader:240 - Cannot read IP mode file for STMicroelectronics.X-CUBE-TOF1.3.4.1
2024-08-13 03:17:21,295 [WARN] PackLoader:240 - Cannot read IP mode file for STMicroelectronics.X-CUBE-AZRTOS-H7.3.2.0
2024-08-13 03:17:21,319 [WARN] PackLoader:240 - Cannot read IP mode file for Infineon.AIROC-Wi-Fi-Bluetooth-STM32.1.6.0
2024-08-13 03:17:21,326 [WARN] PackLoader:240 - Cannot read IP mode file for wolfSSL.I-CUBE-wolfSSH.1.4.17
2024-08-13 03:17:21,327 [INFO] ThirdParty:978 - Integrity check success = true
2024-08-13 03:17:21,327 [INFO] IntegrityCheckThread:100 - exiting critical section [integrity check]
2024-08-13 03:17:21,327 [INFO] IntegrityCheckThread:103 - End integrity checks thread
2024-08-13 04:44:24,952 [ERROR] LogOutputStream:75 - [STDERR_REDIRECT] 
