2024-07-13 21:24:07,049 [INFO] Activator:176 - 


2024-07-13 21:24:07,072 [INFO] Activator:177 - !SESSION log4j initialized
2024-07-13 21:24:10,745 [INFO] LogOutputStream:77 - [STDOUT_REDIRECT] 
2024-07-13 21:24:13,934 [INFO] ApplicationProperties:184 - Using Application install path: C:\dev\dev-tools\STMicroelectronics\STM32CubeIDE_1.15.0\STM32CubeIDE\plugins\com.st.stm32cube.common.mx_6.12.0.202406281431
2024-07-13 21:24:13,955 [INFO] DbMcusXml:78 - Set database path to: C:\dev\dev-tools\STMicroelectronics\STM32CubeIDE_1.15.0\STM32CubeIDE\plugins\com.st.stm32cube.common.mx_6.12.0.202406281431\\db\/mcu/
2024-07-13 21:24:13,956 [INFO] ApiDb:274 - Set plugin database path to: C:\dev\dev-tools\STMicroelectronics\STM32CubeIDE_1.15.0\STM32CubeIDE\plugins\com.st.stm32cube.common.mx_6.12.0.202406281431\\db\/plugins/boardmanager/
2024-07-13 21:24:13,956 [WARN] ApiDb:259 - Overriding images path with different value:  => C:\dev\dev-tools\STMicroelectronics\STM32CubeIDE_1.15.0\STM32CubeIDE\plugins\com.st.stm32cube.common.mx_6.12.0.202406281431\\db\/plugins/mcufinder/images/
2024-07-13 21:24:13,974 [INFO] ApiDb:250 - Set database path to: C:\Users\Sebastian Matheyka\.stmcufinder\plugins\mcufinder//mcu/
2024-07-13 21:24:13,975 [INFO] DbMcusAds:125 - Set database path to: C:\Users\Sebastian Matheyka\.stmcufinder\plugins\mcufinder//mcu/
2024-07-13 21:24:13,978 [INFO] CrossReferenceDbSqlite:203 - Set database path to: C:\Users\Sebastian Matheyka\.stmcufinder\plugins\mcufinder//mcu/cs/
2024-07-13 21:24:14,110 [INFO] RulesReader:64 - Compatibility file has been processed (297 Rules)
2024-07-13 21:24:14,206 [INFO] DbMcusXml:78 - Set database path to: C:\dev\dev-tools\STMicroelectronics\STM32CubeIDE_1.15.0\STM32CubeIDE\plugins\com.st.stm32cube.common.mx_6.12.0.202406281431\\db\/mcu/
2024-07-13 21:24:14,206 [INFO] ApiDb:274 - Set plugin database path to: C:\dev\dev-tools\STMicroelectronics\STM32CubeIDE_1.15.0\STM32CubeIDE\plugins\com.st.stm32cube.common.mx_6.12.0.202406281431\\db\/plugins/boardmanager/
2024-07-13 21:24:14,206 [INFO] ApiDb:261 - Set plugin images path to: C:\dev\dev-tools\STMicroelectronics\STM32CubeIDE_1.15.0\STM32CubeIDE\plugins\com.st.stm32cube.common.mx_6.12.0.202406281431\\db\/plugins/mcufinder/images/
2024-07-13 21:24:14,207 [WARN] DbFile:41 - Overriding database path with different value: C:\Users\Sebastian Matheyka\.stmcufinder\plugins\mcufinder/ => C:\Users\Sebastian Matheyka\.stmcufinder\plugins\mcufinder
2024-07-13 21:24:14,207 [INFO] ApiDb:250 - Set database path to: C:\Users\Sebastian Matheyka\.stmcufinder\plugins\mcufinder//mcu/
2024-07-13 21:24:14,207 [WARN] DbFile:41 - Overriding database path with different value: C:\Users\Sebastian Matheyka\.stmcufinder\plugins\mcufinder/ => C:\Users\Sebastian Matheyka\.stmcufinder\plugins\mcufinder
2024-07-13 21:24:14,207 [INFO] DbMcusAds:125 - Set database path to: C:\Users\Sebastian Matheyka\.stmcufinder\plugins\mcufinder//mcu/
2024-07-13 21:24:14,207 [WARN] DbFile:41 - Overriding database path with different value: C:\Users\Sebastian Matheyka\.stmcufinder\plugins\mcufinder/ => C:\Users\Sebastian Matheyka\.stmcufinder\plugins\mcufinder
2024-07-13 21:24:14,207 [WARN] DbFile:41 - Overriding database path with different value: C:\Users\Sebastian Matheyka\.stmcufinder\plugins\mcufinder/ => C:\Users\Sebastian Matheyka\.stmcufinder\plugins\mcufinder
2024-07-13 21:24:14,207 [INFO] CrossReferenceDbSqlite:203 - Set database path to: C:\Users\Sebastian Matheyka\.stmcufinder\plugins\mcufinder//mcu/cs/
2024-07-13 21:24:14,305 [INFO] MainPanel:268 - HeapMemory: 268435456
2024-07-13 21:24:14,424 [INFO] DbMcusXml:78 - Set database path to: C:\dev\dev-tools\STMicroelectronics\STM32CubeIDE_1.15.0\STM32CubeIDE\plugins\com.st.stm32cube.common.mx_6.12.0.202406281431\\db\/mcu/
2024-07-13 21:24:14,424 [INFO] ApiDb:274 - Set plugin database path to: C:\dev\dev-tools\STMicroelectronics\STM32CubeIDE_1.15.0\STM32CubeIDE\plugins\com.st.stm32cube.common.mx_6.12.0.202406281431\\db\/plugins/boardmanager/
2024-07-13 21:24:14,424 [INFO] ApiDb:261 - Set plugin images path to: C:\dev\dev-tools\STMicroelectronics\STM32CubeIDE_1.15.0\STM32CubeIDE\plugins\com.st.stm32cube.common.mx_6.12.0.202406281431\\db\/plugins/mcufinder/images/
2024-07-13 21:24:14,424 [WARN] DbFile:41 - Overriding database path with different value: C:\Users\Sebastian Matheyka\.stmcufinder\plugins\mcufinder/ => C:\Users\Sebastian Matheyka\.stmcufinder\plugins\mcufinder
2024-07-13 21:24:14,424 [INFO] ApiDb:250 - Set database path to: C:\Users\Sebastian Matheyka\.stmcufinder\plugins\mcufinder//mcu/
2024-07-13 21:24:14,424 [WARN] DbFile:41 - Overriding database path with different value: C:\Users\Sebastian Matheyka\.stmcufinder\plugins\mcufinder/ => C:\Users\Sebastian Matheyka\.stmcufinder\plugins\mcufinder
2024-07-13 21:24:14,424 [INFO] DbMcusAds:125 - Set database path to: C:\Users\Sebastian Matheyka\.stmcufinder\plugins\mcufinder//mcu/
2024-07-13 21:24:14,424 [WARN] DbFile:41 - Overriding database path with different value: C:\Users\Sebastian Matheyka\.stmcufinder\plugins\mcufinder/ => C:\Users\Sebastian Matheyka\.stmcufinder\plugins\mcufinder
2024-07-13 21:24:14,424 [WARN] DbFile:41 - Overriding database path with different value: C:\Users\Sebastian Matheyka\.stmcufinder\plugins\mcufinder/ => C:\Users\Sebastian Matheyka\.stmcufinder\plugins\mcufinder
2024-07-13 21:24:14,424 [INFO] CrossReferenceDbSqlite:203 - Set database path to: C:\Users\Sebastian Matheyka\.stmcufinder\plugins\mcufinder//mcu/cs/
2024-07-13 21:24:14,445 [INFO] ApplicationProperties:184 - Using Application install path: C:\dev\dev-tools\STMicroelectronics\STM32CubeIDE_1.15.0\STM32CubeIDE\plugins\com.st.stm32cube.common.mx_6.12.0.202406281431
2024-07-13 21:24:14,447 [INFO] PluginManage:196 - Search for loadable plugins [exclusion list=, ]
2024-07-13 21:24:14,449 [INFO] PluginManage:310 - Check plugin analytics
2024-07-13 21:24:14,643 [INFO] AnalyticsPlugin:253 - Accepted Software Licenses: 
2024-07-13 21:24:14,644 [INFO] AnalyticsPlugin:255 - Accepted CMSIS Pack Licenses: 
2024-07-13 21:24:14,644 [INFO] AnalyticsPlugin:257 - Accepted Firmware Licenses: 
2024-07-13 21:24:14,646 [INFO] PluginManage:359 - Loaded plugin analytics (category:tool,tabindex:-1)
2024-07-13 21:24:14,646 [INFO] PluginManage:310 - Check plugin cadmodel
2024-07-13 21:24:14,663 [INFO] CADModel:105 - Init CAD model plugin
2024-07-13 21:24:14,664 [INFO] PluginManage:359 - Loaded plugin cadmodel (category:power,tabindex:5)
2024-07-13 21:24:14,664 [INFO] PluginManage:310 - Check plugin clock
2024-07-13 21:24:14,687 [INFO] PluginManage:359 - Loaded plugin clock (category:base,tabindex:2)
2024-07-13 21:24:14,687 [INFO] PluginManage:310 - Check plugin ddr
2024-07-13 21:24:14,690 [INFO] PluginManage:359 - Loaded plugin ddr (category:tool,tabindex:6)
2024-07-13 21:24:14,690 [INFO] PluginManage:310 - Check plugin filemanager
2024-07-13 21:24:14,865 [INFO] PluginManage:359 - Loaded plugin filemanager (category:base,tabindex:10)
2024-07-13 21:24:14,865 [INFO] PluginManage:310 - Check plugin ipmanager
2024-07-13 21:24:14,874 [INFO] PluginManage:359 - Loaded plugin ipmanager (category:base,tabindex:5)
2024-07-13 21:24:14,874 [INFO] PluginManage:310 - Check plugin lpbam
2024-07-13 21:24:14,894 [INFO] PluginManage:359 - Loaded plugin lpbam (category:base,tabindex:0)
2024-07-13 21:24:14,894 [INFO] PluginManage:310 - Check plugin memorymap
2024-07-13 21:24:14,937 [INFO] PluginManage:359 - Loaded plugin memorymap (category:base,tabindex:4)
2024-07-13 21:24:14,937 [INFO] PluginManage:310 - Check plugin pinoutandconfiguration
2024-07-13 21:24:14,966 [INFO] PluginManage:359 - Loaded plugin pinoutandconfiguration (category:base,tabindex:1)
2024-07-13 21:24:14,967 [INFO] PluginManage:310 - Check plugin pinoutconfig
2024-07-13 21:24:15,086 [WARN] SupportedApi:132 - Cannot load RTOS API schema: s4s-elt-must-match.1: The content of 'definitions' must match (annotation?, (simpleType | complexType)?, (unique | key | keyref)*)). A problem was found starting at: attribute.
2024-07-13 21:24:15,236 [INFO] PluginManage:359 - Loaded plugin pinoutconfig (category:base,tabindex:0)
2024-07-13 21:24:15,236 [INFO] PluginManage:310 - Check plugin power
2024-07-13 21:24:15,258 [INFO] PluginManage:359 - Loaded plugin power (category:power,tabindex:4)
2024-07-13 21:24:15,258 [INFO] PluginManage:310 - Check plugin projectmanager
2024-07-13 21:24:15,276 [INFO] PluginManage:359 - Loaded plugin projectmanager (category:projectmanager,tabindex:4)
2024-07-13 21:24:15,276 [INFO] PluginManage:310 - Check plugin rif
2024-07-13 21:24:15,296 [INFO] PluginManage:359 - Loaded plugin rif (category:base,tabindex:3)
2024-07-13 21:24:15,296 [INFO] PluginManage:310 - Check plugin thirdparty
2024-07-13 21:24:15,625 [INFO] PluginManage:359 - Loaded plugin thirdparty (category:base,tabindex:-1)
2024-07-13 21:24:15,625 [WARN] IntegrityCheckThread:84 - waiting for thirdparty lock release [integrity check]
2024-07-13 21:24:15,625 [INFO] PluginManage:310 - Check plugin tools
2024-07-13 21:24:15,626 [INFO] IntegrityCheckThread:86 - entering critical section [integrity check]
2024-07-13 21:24:15,626 [INFO] ThirdPartyUpdaterWithRetryManager:70 - Updater plugin not ready yet. [1/15]
2024-07-13 21:24:15,667 [INFO] PluginManage:359 - Loaded plugin tools (category:base,tabindex:7)
2024-07-13 21:24:15,667 [INFO] PluginManage:310 - Check plugin tutovideos
2024-07-13 21:24:15,899 [INFO] PluginManage:359 - Loaded plugin tutovideos (category:base,tabindex:-1)
2024-07-13 21:24:15,899 [INFO] PluginManage:310 - Check plugin updater
2024-07-13 21:24:15,923 [INFO] PluginManage:359 - Loaded plugin updater (category:base,tabindex:12)
2024-07-13 21:24:15,923 [INFO] PluginManage:310 - Check plugin userauth
2024-07-13 21:24:15,930 [INFO] UserAuth:113 - Init User Auth plugin
2024-07-13 21:24:15,930 [INFO] PluginManage:359 - Loaded plugin userauth (category:base,tabindex:14)
2024-07-13 21:24:15,930 [INFO] PluginManage:283 - PluginManage : Loaded plugins [18]
2024-07-13 21:24:16,232 [INFO] PinOutPanel:1561 - setPackage(No Configuration,No Configuration)
2024-07-13 21:24:16,356 [INFO] CADModel:165 - CPN selected for project level
2024-07-13 21:24:16,356 [INFO] CADModel:114 - Register for checkConnection events
2024-07-13 21:24:16,390 [INFO] IPUIPlugin:80 - create IPUIPlugin
2024-07-13 21:24:16,390 [INFO] PluginManager:220 - loadIPPluginJar : add adc
2024-07-13 21:24:16,440 [INFO] IPUIPlugin:80 - create IPUIPlugin
2024-07-13 21:24:16,440 [INFO] PluginManager:220 - loadIPPluginJar : add aes
2024-07-13 21:24:16,488 [INFO] IPUIPlugin:80 - create IPUIPlugin
2024-07-13 21:24:16,488 [INFO] PluginManager:220 - loadIPPluginJar : add can
2024-07-13 21:24:16,517 [INFO] IPUIPlugin:80 - create IPUIPlugin
2024-07-13 21:24:16,517 [INFO] PluginManager:220 - loadIPPluginJar : add comp
2024-07-13 21:24:16,561 [INFO] IPUIPlugin:80 - create IPUIPlugin
2024-07-13 21:24:16,561 [INFO] PluginManager:220 - loadIPPluginJar : add cryp
2024-07-13 21:24:16,575 [INFO] IPUIPlugin:80 - create IPUIPlugin
2024-07-13 21:24:16,575 [INFO] PluginManager:220 - loadIPPluginJar : add ddr_ctrl_phy
2024-07-13 21:24:16,612 [INFO] IPUIPlugin:80 - create IPUIPlugin
2024-07-13 21:24:16,612 [INFO] PluginManager:220 - loadIPPluginJar : add dfsdm
2024-07-13 21:24:16,629 [INFO] IPUIPlugin:80 - create IPUIPlugin
2024-07-13 21:24:16,629 [INFO] PluginManager:220 - loadIPPluginJar : add dma
2024-07-13 21:24:16,685 [INFO] IPUIPlugin:80 - create IPUIPlugin
2024-07-13 21:24:16,685 [INFO] PluginManager:220 - loadIPPluginJar : add dma3
2024-07-13 21:24:16,739 [INFO] IPUIPlugin:80 - create IPUIPlugin
2024-07-13 21:24:16,739 [INFO] PluginManager:220 - loadIPPluginJar : add extmemmanager
2024-07-13 21:24:16,765 [INFO] IPUIPlugin:80 - create IPUIPlugin
2024-07-13 21:24:16,765 [INFO] PluginManager:220 - loadIPPluginJar : add fatfs
2024-07-13 21:24:16,823 [INFO] IPUIPlugin:80 - create IPUIPlugin
2024-07-13 21:24:16,823 [INFO] PluginManager:220 - loadIPPluginJar : add fmc
2024-07-13 21:24:16,839 [INFO] IPUIPlugin:80 - create IPUIPlugin
2024-07-13 21:24:16,840 [INFO] PluginManager:220 - loadIPPluginJar : add freertos
2024-07-13 21:24:16,864 [INFO] IPUIPlugin:80 - create IPUIPlugin
2024-07-13 21:24:16,864 [INFO] PluginManager:220 - loadIPPluginJar : add genericplugin
2024-07-13 21:24:16,979 [INFO] IPUIPlugin:80 - create IPUIPlugin
2024-07-13 21:24:16,979 [INFO] PluginManager:220 - loadIPPluginJar : add gfxmmu
2024-07-13 21:24:17,143 [INFO] IPUIPlugin:80 - create IPUIPlugin
2024-07-13 21:24:17,144 [INFO] PluginManager:220 - loadIPPluginJar : add gic
2024-07-13 21:24:17,159 [INFO] IPUIPlugin:80 - create IPUIPlugin
2024-07-13 21:24:17,159 [INFO] PluginManager:220 - loadIPPluginJar : add gpio
2024-07-13 21:24:17,270 [INFO] IPUIPlugin:80 - create IPUIPlugin
2024-07-13 21:24:17,271 [INFO] PluginManager:220 - loadIPPluginJar : add gtzc
2024-07-13 21:24:17,312 [INFO] IPUIPlugin:80 - create IPUIPlugin
2024-07-13 21:24:17,312 [INFO] PluginManager:220 - loadIPPluginJar : add hash
2024-07-13 21:24:17,385 [INFO] IPUIPlugin:80 - create IPUIPlugin
2024-07-13 21:24:17,385 [INFO] PluginManager:220 - loadIPPluginJar : add i2c
2024-07-13 21:24:17,436 [INFO] IPUIPlugin:80 - create IPUIPlugin
2024-07-13 21:24:17,436 [INFO] PluginManager:220 - loadIPPluginJar : add i2s
2024-07-13 21:24:17,487 [INFO] IPUIPlugin:80 - create IPUIPlugin
2024-07-13 21:24:17,487 [INFO] PluginManager:220 - loadIPPluginJar : add i3c
2024-07-13 21:24:17,607 [INFO] IPUIPlugin:80 - create IPUIPlugin
2024-07-13 21:24:17,607 [INFO] PluginManager:220 - loadIPPluginJar : add ipddr
2024-07-13 21:24:17,719 [INFO] IPUIPlugin:80 - create IPUIPlugin
2024-07-13 21:24:17,720 [INFO] PluginManager:220 - loadIPPluginJar : add linkedlist
2024-07-13 21:24:17,762 [INFO] IPUIPlugin:80 - create IPUIPlugin
2024-07-13 21:24:17,763 [INFO] PluginManager:220 - loadIPPluginJar : add lorawan
2024-07-13 21:24:17,810 [INFO] IPUIPlugin:80 - create IPUIPlugin
2024-07-13 21:24:17,810 [INFO] PluginManager:220 - loadIPPluginJar : add ltdc
2024-07-13 21:24:17,826 [INFO] IPUIPlugin:80 - create IPUIPlugin
2024-07-13 21:24:17,826 [INFO] PluginManager:220 - loadIPPluginJar : add mdma
2024-07-13 21:24:17,840 [INFO] IPUIPlugin:80 - create IPUIPlugin
2024-07-13 21:24:17,840 [INFO] PluginManager:220 - loadIPPluginJar : add nvic
2024-07-13 21:24:17,885 [INFO] IPUIPlugin:80 - create IPUIPlugin
2024-07-13 21:24:17,885 [INFO] PluginManager:220 - loadIPPluginJar : add opamp
2024-07-13 21:24:17,960 [INFO] IPUIPlugin:80 - create IPUIPlugin
2024-07-13 21:24:17,960 [INFO] PluginManager:220 - loadIPPluginJar : add openamp
2024-07-13 21:24:18,014 [INFO] IPUIPlugin:80 - create IPUIPlugin
2024-07-13 21:24:18,014 [INFO] PluginManager:220 - loadIPPluginJar : add pdm2pcm
2024-07-13 21:24:18,031 [INFO] IPUIPlugin:80 - create IPUIPlugin
2024-07-13 21:24:18,033 [INFO] PluginManager:220 - loadIPPluginJar : add plateformsettings
2024-07-13 21:24:18,059 [INFO] IPUIPlugin:80 - create IPUIPlugin
2024-07-13 21:24:18,059 [INFO] PluginManager:220 - loadIPPluginJar : add quadspi
2024-07-13 21:24:18,089 [INFO] IPUIPlugin:80 - create IPUIPlugin
2024-07-13 21:24:18,089 [INFO] PluginManager:220 - loadIPPluginJar : add radio
2024-07-13 21:24:18,104 [INFO] IPUIPlugin:80 - create IPUIPlugin
2024-07-13 21:24:18,104 [INFO] PluginManager:220 - loadIPPluginJar : add resmgrutility
2024-07-13 21:24:18,159 [INFO] IPUIPlugin:80 - create IPUIPlugin
2024-07-13 21:24:18,159 [INFO] PluginManager:220 - loadIPPluginJar : add sai
2024-07-13 21:24:18,203 [INFO] IPUIPlugin:80 - create IPUIPlugin
2024-07-13 21:24:18,203 [INFO] PluginManager:220 - loadIPPluginJar : add spi
2024-07-13 21:24:18,285 [INFO] IPUIPlugin:80 - create IPUIPlugin
2024-07-13 21:24:18,286 [INFO] PluginManager:220 - loadIPPluginJar : add stm32_wpan
2024-07-13 21:24:18,313 [INFO] IPUIPlugin:80 - create IPUIPlugin
2024-07-13 21:24:18,313 [INFO] PluginManager:220 - loadIPPluginJar : add tim
2024-07-13 21:24:18,383 [INFO] IPUIPlugin:80 - create IPUIPlugin
2024-07-13 21:24:18,384 [INFO] PluginManager:220 - loadIPPluginJar : add touchsensing
2024-07-13 21:24:18,410 [INFO] IPUIPlugin:80 - create IPUIPlugin
2024-07-13 21:24:18,410 [INFO] PluginManager:220 - loadIPPluginJar : add tracer_emb
2024-07-13 21:24:18,437 [INFO] IPUIPlugin:80 - create IPUIPlugin
2024-07-13 21:24:18,438 [INFO] PluginManager:220 - loadIPPluginJar : add ts
2024-07-13 21:24:18,464 [INFO] IPUIPlugin:80 - create IPUIPlugin
2024-07-13 21:24:18,464 [INFO] PluginManager:220 - loadIPPluginJar : add tsc
2024-07-13 21:24:18,491 [INFO] IPUIPlugin:80 - create IPUIPlugin
2024-07-13 21:24:18,492 [INFO] PluginManager:220 - loadIPPluginJar : add ucpd
2024-07-13 21:24:18,544 [INFO] IPUIPlugin:80 - create IPUIPlugin
2024-07-13 21:24:18,544 [INFO] PluginManager:220 - loadIPPluginJar : add usart
2024-07-13 21:24:18,595 [INFO] IPUIPlugin:80 - create IPUIPlugin
2024-07-13 21:24:18,596 [INFO] PluginManager:220 - loadIPPluginJar : add usbx
2024-07-13 21:24:18,629 [INFO] ThirdPartyUpdaterWithRetryManager:70 - Updater plugin not ready yet. [2/15]
2024-07-13 21:24:18,741 [INFO] CADModel:165 - CPN selected for project level
2024-07-13 21:24:18,741 [INFO] CADModel:114 - Register for checkConnection events
2024-07-13 21:24:18,741 [FATAL] Updater:334 - Updater called before beeing initialized
2024-07-13 21:24:18,742 [ERROR] CADModel:125 - Updater not yet initialized, retry later 
2024-07-13 21:24:18,878 [INFO] CADModel:165 - CPN selected for project level
2024-07-13 21:24:18,879 [INFO] CADModel:114 - Register for checkConnection events
2024-07-13 21:24:18,879 [FATAL] Updater:334 - Updater called before beeing initialized
2024-07-13 21:24:18,879 [ERROR] CADModel:125 - Updater not yet initialized, retry later 
2024-07-13 21:24:18,882 [FATAL] Updater:334 - Updater called before beeing initialized
2024-07-13 21:24:19,011 [FATAL] Updater:334 - Updater called before beeing initialized
2024-07-13 21:24:19,023 [INFO] DbMcusAds:53 - JSON generation date=Thu May 16 11:22:00 CEST 2024 (1715851320667)
2024-07-13 21:24:19,023 [FATAL] Updater:334 - Updater called before beeing initialized
2024-07-13 21:24:19,068 [WARN] DetailPanel:346 - Failed to get advertising image, set to default
2024-07-13 21:24:19,180 [FATAL] Updater:334 - Updater called before beeing initialized
2024-07-13 21:24:19,182 [FATAL] Updater:334 - Updater called before beeing initialized
2024-07-13 21:24:19,182 [FATAL] Updater:334 - Updater called before beeing initialized
2024-07-13 21:24:19,182 [WARN] DetailPanel:346 - Failed to get advertising image, set to default
2024-07-13 21:24:19,183 [FATAL] Updater:334 - Updater called before beeing initialized
2024-07-13 21:24:19,256 [ERROR] Updater:1164 - MainUpdater not yet initialized. External WinMGr cannot be set.
2024-07-13 21:24:19,268 [INFO] Updater:1100 - Updater Version found : 6.12.0
2024-07-13 21:24:19,290 [INFO] ApplicationProperties:184 - Using Application install path: C:\dev\dev-tools\STMicroelectronics\STM32CubeIDE_1.15.0\STM32CubeIDE\plugins\com.st.stm32cube.common.mx_6.12.0.202406281431
2024-07-13 21:24:19,762 [INFO] MainUpdater:2873 - connection check result : 10
2024-07-13 21:24:19,762 [INFO] MainUpdater:290 - Updater Check For Update Now.
2024-07-13 21:24:19,762 [INFO] MicroXplorer:498 - Change Database Version : DB.6.0.120
2024-07-13 21:24:19,780 [INFO] McuFinderGlobals:63 - Set McuFinder mode to 2 (CubeIDE integrated)
2024-07-13 21:24:19,792 [INFO] UserAuth:417 - Internet connection configuration mode: 1
2024-07-13 21:24:19,828 [INFO] JxBrowserEngine:152 - Initiate JxBrowser Engine with user profile folder
2024-07-13 21:24:20,002 [INFO] CheckServerUpdateThread:120 - End of CheckServer Thread
2024-07-13 21:24:21,935 [WARN] PackLoader:240 - Cannot read IP mode file for STMicroelectronics.FP-SNS-MOTENVWB1.1.4.0
2024-07-13 21:24:21,963 [WARN] PackLoader:240 - Cannot read IP mode file for STMicroelectronics.X-CUBE-SMBUS.2.1.0
2024-07-13 21:24:21,980 [WARN] PackLoader:240 - Cannot read IP mode file for STMicroelectronics.X-CUBE-TOUCHGFX.4.23.2
2024-07-13 21:24:22,035 [WARN] PackLoader:240 - Cannot read IP mode file for STMicroelectronics.X-CUBE-AZRTOS-F7.1.1.0
2024-07-13 21:24:22,064 [WARN] PackLoader:240 - Cannot read IP mode file for STMicroelectronics.X-CUBE-BLE1.6.2.4
2024-07-13 21:24:22,082 [WARN] PackLoader:240 - Cannot read IP mode file for STMicroelectronics.FP-SNS-FLIGHT1.5.0.2
2024-07-13 21:24:22,110 [WARN] PackLoader:240 - Cannot read IP mode file for STMicroelectronics.X-CUBE-DISPLAY.3.0.0
2024-07-13 21:24:22,137 [WARN] PackLoader:240 - Cannot read IP mode file for STMicroelectronics.X-CUBE-BLE1.7.0.0
2024-07-13 21:24:22,167 [WARN] PackLoader:240 - Cannot read IP mode file for STMicroelectronics.X-CUBE-BLEMGR.3.1.0
2024-07-13 21:24:22,193 [WARN] PackLoader:240 - Cannot read IP mode file for STMicroelectronics.FP-SNS-SMARTAG2.1.2.0
2024-07-13 21:24:22,225 [INFO] LogOutputStream:77 - [STDOUT_REDIRECT] 1 : Invalid condition id : UX_CORESTACK_Condition cause : null
2024-07-13 21:24:22,225 [INFO] LogOutputStream:77 - [STDOUT_REDIRECT] 1 : Invalid condition id : UX_CORESTACK_Condition cause : null
2024-07-13 21:24:22,226 [INFO] LogOutputStream:77 - [STDOUT_REDIRECT] 1 : Invalid condition id : UX_CORESTACK_Condition cause : null
2024-07-13 21:24:22,227 [INFO] LogOutputStream:77 - [STDOUT_REDIRECT] 1 : Invalid condition id : UX_CORESTACK_Condition cause : null
2024-07-13 21:24:22,229 [INFO] LogOutputStream:77 - [STDOUT_REDIRECT] 1 : Invalid condition id : UX_CORESTACK_Condition cause : null
2024-07-13 21:24:22,233 [WARN] PackLoader:240 - Cannot read IP mode file for STMicroelectronics.X-CUBE-AZRTOS-WL.2.0.0
2024-07-13 21:24:22,257 [WARN] PackLoader:240 - Cannot read IP mode file for STMicroelectronics.FP-SNS-MOTENV1.5.0.0
2024-07-13 21:24:22,277 [WARN] PackLoader:240 - Cannot read IP mode file for wolfSSL.I-CUBE-wolfMQTT.1.19.0
2024-07-13 21:24:22,299 [WARN] PackLoader:240 - Cannot read IP mode file for WES.I-CUBE-Cesium.1.3.0
2024-07-13 21:24:22,317 [WARN] PackLoader:240 - Cannot read IP mode file for STMicroelectronics.X-CUBE-BLE2.3.3.0
2024-07-13 21:24:22,336 [WARN] PackLoader:240 - Cannot read IP mode file for STMicroelectronics.X-CUBE-TCPP.4.1.0
2024-07-13 21:24:22,354 [WARN] PackLoader:240 - Cannot read IP mode file for STMicroelectronics.X-CUBE-TOUCHGFX.4.21.3
2024-07-13 21:24:22,373 [WARN] PackLoader:240 - Cannot read IP mode file for STMicroelectronics.X-CUBE-ALGOBUILD.1.3.0
2024-07-13 21:24:22,407 [WARN] PackLoader:240 - Cannot read IP mode file for STMicroelectronics.X-CUBE-AZRTOS-G0.1.1.0
2024-07-13 21:24:22,432 [WARN] PackLoader:240 - Cannot read IP mode file for STMicroelectronics.X-CUBE-SAFEA1.1.2.2
2024-07-13 21:24:22,454 [WARN] PackLoader:240 - Cannot read IP mode file for STMicroelectronics.X-CUBE-NFC4.3.0.0
2024-07-13 21:24:22,479 [WARN] PackLoader:240 - Cannot read IP mode file for EmbeddedOffice.I-CUBE-FS-RTOS.1.0.1
2024-07-13 21:24:22,479 [ERROR] ConditionMgr:805 - Attr not supported : Dmpu
2024-07-13 21:24:22,479 [ERROR] ConditionMgr:805 - Attr not supported : Dmpu
2024-07-13 21:24:22,479 [ERROR] ConditionMgr:805 - Attr not supported : Dmpu
2024-07-13 21:24:22,479 [ERROR] ConditionMgr:805 - Attr not supported : Dmpu
2024-07-13 21:24:22,479 [ERROR] ConditionMgr:805 - Attr not supported : Dmpu
2024-07-13 21:24:22,479 [ERROR] ConditionMgr:805 - Attr not supported : Dmpu
2024-07-13 21:24:22,479 [ERROR] ConditionMgr:805 - Attr not supported : Dmpu
2024-07-13 21:24:22,479 [ERROR] ConditionMgr:805 - Attr not supported : Dmpu
2024-07-13 21:24:22,479 [ERROR] ConditionMgr:805 - Attr not supported : Dmpu
2024-07-13 21:24:22,480 [ERROR] ConditionMgr:805 - Attr not supported : Dmpu
2024-07-13 21:24:22,480 [ERROR] ConditionMgr:805 - Attr not supported : Dmpu
2024-07-13 21:24:22,480 [ERROR] ConditionMgr:805 - Attr not supported : Dmpu
2024-07-13 21:24:22,480 [ERROR] ConditionMgr:805 - Attr not supported : Dmpu
2024-07-13 21:24:22,480 [ERROR] ConditionMgr:805 - Attr not supported : Dmpu
2024-07-13 21:24:22,480 [ERROR] ConditionMgr:805 - Attr not supported : Dmpu
2024-07-13 21:24:22,480 [ERROR] ConditionMgr:805 - Attr not supported : Dmpu
2024-07-13 21:24:22,480 [ERROR] ConditionMgr:805 - Attr not supported : Dmpu
2024-07-13 21:24:22,480 [ERROR] ConditionMgr:805 - Attr not supported : Dmpu
2024-07-13 21:24:22,480 [ERROR] ConditionMgr:805 - Attr not supported : Dmpu
2024-07-13 21:24:22,480 [ERROR] ConditionMgr:805 - Attr not supported : Dmpu
2024-07-13 21:24:22,480 [ERROR] ConditionMgr:805 - Attr not supported : Dmpu
2024-07-13 21:24:22,481 [ERROR] ConditionMgr:805 - Attr not supported : Dmpu
2024-07-13 21:24:22,481 [ERROR] ConditionMgr:805 - Attr not supported : Dmpu
2024-07-13 21:24:22,481 [ERROR] ConditionMgr:805 - Attr not supported : Dmpu
2024-07-13 21:24:22,481 [ERROR] ConditionMgr:805 - Attr not supported : Dmpu
2024-07-13 21:24:22,481 [ERROR] ConditionMgr:805 - Attr not supported : Dmpu
2024-07-13 21:24:22,481 [ERROR] ConditionMgr:805 - Attr not supported : Dmpu
2024-07-13 21:24:22,481 [ERROR] ConditionMgr:805 - Attr not supported : Dmpu
2024-07-13 21:24:22,481 [ERROR] ConditionMgr:805 - Attr not supported : Dmpu
2024-07-13 21:24:22,482 [ERROR] ConditionMgr:805 - Attr not supported : Dmpu
2024-07-13 21:24:22,482 [ERROR] ConditionMgr:805 - Attr not supported : Dmpu
2024-07-13 21:24:22,482 [ERROR] ConditionMgr:805 - Attr not supported : Dmpu
2024-07-13 21:24:22,482 [ERROR] ConditionMgr:805 - Attr not supported : Dmpu
2024-07-13 21:24:22,482 [ERROR] ConditionMgr:805 - Attr not supported : Dmpu
2024-07-13 21:24:22,482 [ERROR] ConditionMgr:805 - Attr not supported : Dmpu
2024-07-13 21:24:22,482 [ERROR] ConditionMgr:805 - Attr not supported : Dmpu
2024-07-13 21:24:22,483 [ERROR] ConditionMgr:805 - Attr not supported : Dmpu
2024-07-13 21:24:22,483 [ERROR] ConditionMgr:805 - Attr not supported : Dmpu
2024-07-13 21:24:22,483 [ERROR] ConditionMgr:805 - Attr not supported : Dmpu
2024-07-13 21:24:22,483 [ERROR] ConditionMgr:805 - Attr not supported : Dmpu
2024-07-13 21:24:22,483 [ERROR] ConditionMgr:805 - Attr not supported : Dmpu
2024-07-13 21:24:22,483 [ERROR] ConditionMgr:805 - Attr not supported : Dmpu
2024-07-13 21:24:22,483 [ERROR] ConditionMgr:805 - Attr not supported : Dmpu
2024-07-13 21:24:22,483 [ERROR] ConditionMgr:805 - Attr not supported : Dmpu
2024-07-13 21:24:22,484 [ERROR] ConditionMgr:805 - Attr not supported : Dmpu
2024-07-13 21:24:22,484 [ERROR] ConditionMgr:805 - Attr not supported : Dmpu
2024-07-13 21:24:22,484 [ERROR] ConditionMgr:805 - Attr not supported : Dmpu
2024-07-13 21:24:22,484 [ERROR] ConditionMgr:805 - Attr not supported : Dmpu
2024-07-13 21:24:22,484 [ERROR] ConditionMgr:805 - Attr not supported : Dmpu
2024-07-13 21:24:22,484 [ERROR] ConditionMgr:805 - Attr not supported : Dmpu
2024-07-13 21:24:22,484 [ERROR] ConditionMgr:805 - Attr not supported : Dmpu
2024-07-13 21:24:22,484 [ERROR] ConditionMgr:805 - Attr not supported : Dmpu
2024-07-13 21:24:22,484 [ERROR] ConditionMgr:805 - Attr not supported : Dmpu
2024-07-13 21:24:22,484 [ERROR] ConditionMgr:805 - Attr not supported : Dmpu
2024-07-13 21:24:22,484 [ERROR] ConditionMgr:805 - Attr not supported : Dmpu
2024-07-13 21:24:22,484 [ERROR] ConditionMgr:805 - Attr not supported : Dmpu
2024-07-13 21:24:22,484 [ERROR] ConditionMgr:805 - Attr not supported : Dmpu
2024-07-13 21:24:22,485 [ERROR] ConditionMgr:805 - Attr not supported : Dmpu
2024-07-13 21:24:22,485 [ERROR] ConditionMgr:805 - Attr not supported : Dmpu
2024-07-13 21:24:22,485 [ERROR] ConditionMgr:805 - Attr not supported : Dmpu
2024-07-13 21:24:22,485 [ERROR] ConditionMgr:805 - Attr not supported : Dmpu
2024-07-13 21:24:22,485 [ERROR] ConditionMgr:805 - Attr not supported : Dmpu
2024-07-13 21:24:22,485 [ERROR] ConditionMgr:805 - Attr not supported : Dmpu
2024-07-13 21:24:22,485 [ERROR] ConditionMgr:805 - Attr not supported : Dmpu
2024-07-13 21:24:22,506 [WARN] PackLoader:240 - Cannot read IP mode file for RealThread.X-CUBE-RT-Thread_Nano.4.1.1
2024-07-13 21:24:22,525 [WARN] PackLoader:240 - Cannot read IP mode file for STMicroelectronics.FP-ATR-SIGFOX1.3.2.0
2024-07-13 21:24:22,543 [WARN] PackLoader:240 - Cannot read IP mode file for STMicroelectronics.X-CUBE-EEPRMA1.5.1.0
2024-07-13 21:24:22,566 [WARN] PackLoader:240 - Cannot read IP mode file for ITTIA_DB.I-CUBE-ITTIADB.8.9.0
2024-07-13 21:24:22,629 [WARN] PackLoader:240 - Cannot read IP mode file for STMicroelectronics.X-CUBE-MEMS1.9.5.0
2024-07-13 21:24:22,850 [WARN] PackLoader:240 - Cannot read IP mode file for SEGGER.I-CUBE-embOS.1.3.1
2024-07-13 21:24:22,912 [WARN] PackLoader:240 - Cannot read IP mode file for STMicroelectronics.X-CUBE-ALGOBUILD.1.4.0
2024-07-13 21:24:22,929 [WARN] PackLoader:240 - Cannot read IP mode file for STMicroelectronics.X-CUBE-GNSS1.6.0.0
2024-07-13 21:24:22,965 [WARN] PackLoader:240 - Cannot read IP mode file for STMicroelectronics.X-CUBE-AZRTOS-F4.1.1.0
2024-07-13 21:24:23,431 [WARN] PackLoader:240 - Cannot read IP mode file for wolfSSL.I-CUBE-wolfSSL.5.6.0
2024-07-13 21:24:23,445 [WARN] PackLoader:240 - Cannot read IP mode file for STMicroelectronics.X-CUBE-FREERTOS.1.2.0
2024-07-13 21:24:23,482 [WARN] PackLoader:240 - Cannot read IP mode file for STMicroelectronics.X-CUBE-AZRTOS-L5.2.0.0
2024-07-13 21:24:23,501 [WARN] PackLoader:240 - Cannot read IP mode file for STMicroelectronics.X-CUBE-NFC6.3.1.0
2024-07-13 21:24:23,519 [WARN] PackLoader:240 - Cannot read IP mode file for emotas.I-CUBE-CANOPEN.1.1.3
2024-07-13 21:24:23,539 [WARN] PackLoader:240 - Cannot read IP mode file for STMicroelectronics.X-CUBE-BLEMGR.2.0.0
2024-07-13 21:24:23,568 [WARN] PackLoader:240 - Cannot read IP mode file for STMicroelectronics.X-CUBE-DPower.1.2.0
2024-07-13 21:24:23,630 [WARN] PackLoader:240 - Cannot read IP mode file for STMicroelectronics.X-CUBE-AI.9.0.0
2024-07-13 21:24:23,658 [WARN] PackLoader:240 - Cannot read IP mode file for STMicroelectronics.X-CUBE-NFC7.1.0.1
2024-07-13 21:24:23,683 [WARN] PackLoader:240 - Cannot read IP mode file for STMicroelectronics.X-CUBE-NFC7.1.0.0
2024-07-13 21:24:23,708 [WARN] PackLoader:240 - Cannot read IP mode file for wolfSSL.I-CUBE-wolfTPM.3.2.0
2024-07-13 21:24:23,731 [WARN] PackLoader:240 - Cannot read IP mode file for STMicroelectronics.X-CUBE-EEPRMA1.4.1.0
2024-07-13 21:24:23,766 [WARN] PackLoader:240 - Cannot read IP mode file for STMicroelectronics.X-CUBE-AI.8.1.0
2024-07-13 21:24:23,828 [WARN] ConditionMgr:438 - getConditionDescription Invalid condition id : LAN8742 Phy interface Condition cause : null
2024-07-13 21:24:23,828 [WARN] PackLoader:240 - Cannot read IP mode file for STMicroelectronics.X-CUBE-AZRTOS-L4.2.0.0
2024-07-13 21:24:23,831 [WARN] ConditionMgr:1039 - genDependencies : Invalid condition id : LAN8742 Phy interface Condition cause : null
2024-07-13 21:24:23,831 [WARN] ConditionMgr:1039 - genDependencies : Invalid condition id : LAN8742 Phy interface Condition cause : null
2024-07-13 21:24:23,832 [WARN] ConditionMgr:1039 - genDependencies : Invalid condition id : LAN8742 Phy interface Condition cause : null
2024-07-13 21:24:23,862 [WARN] PackLoader:240 - Cannot read IP mode file for STMicroelectronics.X-CUBE-SFXS2LP1.4.0.0
2024-07-13 21:24:23,925 [WARN] PackLoader:240 - Cannot read IP mode file for STMicroelectronics.X-CUBE-AZRTOS-H7.3.0.0
2024-07-13 21:24:23,951 [WARN] PackLoader:240 - Cannot read IP mode file for STMicroelectronics.X-CUBE-ISPU.1.1.0
2024-07-13 21:24:23,980 [WARN] PackLoader:240 - Cannot read IP mode file for RoweBots.I-CUBE-UNISONRTOS.5.5.0-4
2024-07-13 21:24:24,005 [WARN] PackLoader:240 - Cannot read IP mode file for STMicroelectronics.X-CUBE-AI.8.0.0
2024-07-13 21:24:24,046 [WARN] ConditionMgr:438 - getConditionDescription Invalid condition id : UX DEVICE CLASS RTOS Condition cause : null
2024-07-13 21:24:24,046 [WARN] ConditionMgr:438 - getConditionDescription Invalid condition id : UX DEVICE CLASS RTOS Condition cause : null
2024-07-13 21:24:24,048 [WARN] PackLoader:240 - Cannot read IP mode file for STMicroelectronics.X-CUBE-AZRTOS-WB.2.0.0
2024-07-13 21:24:24,049 [WARN] ConditionMgr:1039 - genDependencies : Invalid condition id : UX DEVICE CLASS RTOS Condition cause : null
2024-07-13 21:24:24,049 [WARN] ConditionMgr:1039 - genDependencies : Invalid condition id : UX DEVICE CLASS RTOS Condition cause : null
2024-07-13 21:24:24,050 [WARN] ConditionMgr:1039 - genDependencies : Invalid condition id : UX DEVICE CLASS RTOS Condition cause : null
2024-07-13 21:24:24,051 [WARN] ConditionMgr:1039 - genDependencies : Invalid condition id : UX DEVICE CLASS RTOS Condition cause : null
2024-07-13 21:24:24,051 [WARN] ConditionMgr:1039 - genDependencies : Invalid condition id : UX DEVICE CLASS RTOS Condition cause : null
2024-07-13 21:24:24,067 [WARN] PackLoader:240 - Cannot read IP mode file for STMicroelectronics.X-CUBE-FREERTOS.1.0.0
2024-07-13 21:24:24,107 [WARN] PackLoader:240 - Cannot read IP mode file for STMicroelectronics.X-CUBE-AZRTOS-L5.1.1.0
2024-07-13 21:24:24,143 [WARN] PackLoader:240 - Cannot read IP mode file for STMicroelectronics.X-CUBE-SUBG2.5.0.0
2024-07-13 21:24:24,183 [WARN] PackLoader:240 - Cannot read IP mode file for STMicroelectronics.X-CUBE-AZRTOS-G4.2.0.0
2024-07-13 21:24:24,212 [WARN] PackLoader:240 - Cannot read IP mode file for STMicroelectronics.X-CUBE-TOF1.3.3.0
2024-07-13 21:24:24,235 [INFO] WebApp:167 - Instantiating new browser for Auth
2024-07-13 21:24:24,243 [WARN] PackLoader:240 - Cannot read IP mode file for STMicroelectronics.FP-ATR-ASTRA1.1.1.1
2024-07-13 21:24:24,262 [WARN] PackLoader:240 - Cannot read IP mode file for STMicroelectronics.FP-SNS-MOTENVWB1.1.3.1
2024-07-13 21:24:24,305 [WARN] PackLoader:240 - Cannot read IP mode file for STMicroelectronics.X-CUBE-AZRTOS-G4.1.0.0
2024-07-13 21:24:24,367 [WARN] PackLoader:240 - Cannot read IP mode file for STMicroelectronics.X-CUBE-AZRTOS-L4.1.0.0
2024-07-13 21:24:24,391 [WARN] PackLoader:240 - Cannot read IP mode file for STMicroelectronics.X-CUBE-ISPU.2.0.0
2024-07-13 21:24:24,417 [WARN] PackLoader:240 - Cannot read IP mode file for STMicroelectronics.X-CUBE-ALS.1.0.2
2024-07-13 21:24:24,500 [WARN] PackLoader:240 - Cannot read IP mode file for STMicroelectronics.X-CUBE-MEMS1.10.0.0
2024-07-13 21:24:24,601 [WARN] PackLoader:240 - Cannot read IP mode file for STMicroelectronics.X-CUBE-FREERTOS.1.1.0
2024-07-13 21:24:24,622 [WARN] PackLoader:240 - Cannot read IP mode file for STMicroelectronics.X-CUBE-TOUCHGFX.4.24.0
2024-07-13 21:24:24,661 [WARN] PackLoader:240 - Cannot read IP mode file for STMicroelectronics.X-CUBE-AZRTOS-WL.1.0.0
2024-07-13 21:24:24,692 [WARN] PackLoader:240 - Cannot read IP mode file for portGmbH.I-Cube-SoM-uGOAL.1.1.0
2024-07-13 21:24:24,709 [WARN] PackLoader:240 - Cannot read IP mode file for STMicroelectronics.X-CUBE-ALS.1.0.1
2024-07-13 21:24:24,753 [WARN] PackLoader:240 - Cannot read IP mode file for STMicroelectronics.X-CUBE-AZRTOS-WB.1.1.0
2024-07-13 21:24:24,803 [WARN] PackLoader:240 - Cannot read IP mode file for STMicroelectronics.X-CUBE-AZRTOS-H7RS.1.0.0
2024-07-13 21:24:24,826 [WARN] PackLoader:240 - Cannot read IP mode file for STMicroelectronics.FP-ATR-ASTRA1.2.0.0
2024-07-13 21:24:24,855 [WARN] PackLoader:240 - Cannot read IP mode file for STMicroelectronics.X-CUBE-TOF1.3.4.1
2024-07-13 21:24:24,896 [WARN] PackLoader:240 - Cannot read IP mode file for STMicroelectronics.X-CUBE-AZRTOS-H7.3.2.0
2024-07-13 21:24:24,927 [WARN] PackLoader:240 - Cannot read IP mode file for Infineon.AIROC-Wi-Fi-Bluetooth-STM32.1.6.0
2024-07-13 21:24:24,931 [INFO] ThirdParty:978 - Integrity check success = true
2024-07-13 21:24:24,931 [INFO] IntegrityCheckThread:100 - exiting critical section [integrity check]
2024-07-13 21:24:24,931 [INFO] IntegrityCheckThread:103 - End integrity checks thread
2024-07-13 21:24:25,670 [INFO] WebApp:448 - Apply proxy settings
2024-07-13 21:24:25,670 [INFO] WebApp:533 - Chromium requires no authentication
2024-07-13 21:24:25,716 [INFO] WebApp:476 - Direct internet connection detected
2024-07-13 21:24:25,796 [INFO] WebApp:869 - Register for checkConnection events
2024-07-13 21:24:25,796 [INFO] WebApp:448 - Apply proxy settings
2024-07-13 21:24:25,796 [INFO] WebApp:533 - Chromium requires no authentication
2024-07-13 21:24:25,797 [INFO] WebApp:476 - Direct internet connection detected
2024-07-13 21:24:26,081 [INFO] WebApp:186 - Connection restablished
2024-07-13 21:24:26,253 [INFO] WebApp:220 - Starting web application
2024-07-13 21:24:26,253 [INFO] WebApp:578 - Web application path used C:\dev\dev-tools\STMicroelectronics\STM32CubeIDE_1.15.0\STM32CubeIDE\plugins\com.st.stm32cube.common.mx_6.12.0.202406281431\db\plugins\mcufinder\reactClient1\index.html
2024-07-13 21:24:26,456 [INFO] UserAuth:417 - Internet connection configuration mode: 1
2024-07-13 21:26:25,119 [ERROR] LogOutputStream:75 - [STDERR_REDIRECT] 
